{"timestamp":"2025-09-05T09:30:00.464Z","level":"SUCCESS","operation":"CONFIRMATION_AUTOMATIQUE","data":{"confirmees":0,"total":0}}
{"timestamp":"2025-09-05T09:30:00.886Z","level":"SUCCESS","operation":"DEBLOCAGE_AUTOMATIQUE","data":{"ok":1,"$clusterTime":{"clusterTime":{"$timestamp":"7546534993959321614"},"signature":{"hash":"0lMsDFOZb0deTwXYNmFphJECGEc=","keyId":{"low":7,"high":1744141991,"unsigned":false}}},"operationTime":{"$timestamp":"7546534993959321614"}}}
{"timestamp":"2025-09-05T10:00:00.474Z","level":"SUCCESS","operation":"CONFIRMATION_AUTOMATIQUE","data":{"confirmees":0,"total":0}}
{"timestamp":"2025-09-05T10:00:00.935Z","level":"SUCCESS","operation":"DEBLOCAGE_AUTOMATIQUE","data":{"ok":1,"$clusterTime":{"clusterTime":{"$timestamp":"7546542724900454419"},"signature":{"hash":"ft6S+u4/MD8lWNmH73NUwrlQbY4=","keyId":{"low":7,"high":1744141991,"unsigned":false}}},"operationTime":{"$timestamp":"7546542724900454419"}}}
{"timestamp":"2025-09-05T10:30:00.427Z","level":"SUCCESS","operation":"CONFIRMATION_AUTOMATIQUE","data":{"confirmees":0,"total":0}}
{"timestamp":"2025-09-05T10:30:00.817Z","level":"SUCCESS","operation":"DEBLOCAGE_AUTOMATIQUE","data":{"ok":1,"$clusterTime":{"clusterTime":{"$timestamp":"7546550455841587211"},"signature":{"hash":"jeUkfs05K0eWNnANL28TZXBwVQU=","keyId":{"low":7,"high":1744141991,"unsigned":false}}},"operationTime":{"$timestamp":"7546550455841587211"}}}
{"timestamp":"2025-09-05T11:00:00.458Z","level":"SUCCESS","operation":"CONFIRMATION_AUTOMATIQUE","data":{"confirmees":0,"total":0}}
{"timestamp":"2025-09-05T11:00:00.870Z","level":"SUCCESS","operation":"DEBLOCAGE_AUTOMATIQUE","data":{"ok":1,"$clusterTime":{"clusterTime":{"$timestamp":"7546558186782720013"},"signature":{"hash":"pUwA0HHB0T1PnmDtJMEhs6JLR5I=","keyId":{"low":7,"high":1744141991,"unsigned":false}}},"operationTime":{"$timestamp":"7546558186782720013"}}}
{"timestamp":"2025-09-05T11:30:00.559Z","level":"SUCCESS","operation":"CONFIRMATION_AUTOMATIQUE","data":{"confirmees":0,"total":0}}
{"timestamp":"2025-09-05T11:30:00.997Z","level":"SUCCESS","operation":"DEBLOCAGE_AUTOMATIQUE","data":{"ok":1,"$clusterTime":{"clusterTime":{"$timestamp":"7546565917723852815"},"signature":{"hash":"FaUE2vnO5V2lsIFPnqNS68rMMFU=","keyId":{"low":7,"high":1744141991,"unsigned":false}}},"operationTime":{"$timestamp":"7546565917723852815"}}}
{"timestamp":"2025-09-05T12:30:00.555Z","level":"SUCCESS","operation":"CONFIRMATION_AUTOMATIQUE","data":{"confirmees":0,"total":0}}
{"timestamp":"2025-09-05T12:30:00.990Z","level":"SUCCESS","operation":"DEBLOCAGE_AUTOMATIQUE","data":{"ok":1,"$clusterTime":{"clusterTime":{"$timestamp":"7546581379606118416"},"signature":{"hash":"5GX+qxfExHjNjrOg4E6RChcMwG8=","keyId":{"low":7,"high":1744141991,"unsigned":false}}},"operationTime":{"$timestamp":"7546581379606118416"}}}
{"timestamp":"2025-09-05T13:00:00.504Z","level":"SUCCESS","operation":"CONFIRMATION_AUTOMATIQUE","data":{"confirmees":0,"total":0}}
{"timestamp":"2025-09-05T13:00:00.953Z","level":"SUCCESS","operation":"DEBLOCAGE_AUTOMATIQUE","data":{"ok":1,"$clusterTime":{"clusterTime":{"$timestamp":"7546589110547251218"},"signature":{"hash":"poQaz75nYcMR2Cr5WBGEJt326kU=","keyId":{"low":7,"high":1744141991,"unsigned":false}}},"operationTime":{"$timestamp":"7546589110547251218"}}}
{"timestamp":"2025-09-05T13:30:00.556Z","level":"SUCCESS","operation":"CONFIRMATION_AUTOMATIQUE","data":{"confirmees":0,"total":0}}
{"timestamp":"2025-09-05T13:30:01.036Z","level":"SUCCESS","operation":"DEBLOCAGE_AUTOMATIQUE","data":{"ok":1,"$clusterTime":{"clusterTime":{"$timestamp":"7546596841488384023"},"signature":{"hash":"cDn3PyBho/imNB+3Gydn58roDQU=","keyId":{"low":7,"high":1744141991,"unsigned":false}}},"operationTime":{"$timestamp":"7546596841488384023"}}}
{"timestamp":"2025-09-05T14:00:00.539Z","level":"SUCCESS","operation":"CONFIRMATION_AUTOMATIQUE","data":{"confirmees":0,"total":0}}
{"timestamp":"2025-09-05T14:00:01.013Z","level":"SUCCESS","operation":"DEBLOCAGE_AUTOMATIQUE","data":{"ok":1,"$clusterTime":{"clusterTime":{"$timestamp":"7546604572429516815"},"signature":{"hash":"OKCyBxBinh5lfUNjLHVjlro1K3E=","keyId":{"low":7,"high":1744141991,"unsigned":false}}},"operationTime":{"$timestamp":"7546604572429516814"}}}
{"timestamp":"2025-09-05T14:30:00.480Z","level":"SUCCESS","operation":"CONFIRMATION_AUTOMATIQUE","data":{"confirmees":0,"total":0}}
{"timestamp":"2025-09-05T14:30:01.247Z","level":"SUCCESS","operation":"DEBLOCAGE_AUTOMATIQUE","data":{"ok":1,"$clusterTime":{"clusterTime":{"$timestamp":"7546612303370649614"},"signature":{"hash":"qtUqBojcI73tL/wHiquZmRdaLgc=","keyId":{"low":7,"high":1744141991,"unsigned":false}}},"operationTime":{"$timestamp":"7546612303370649614"}}}
{"timestamp":"2025-09-05T15:00:00.591Z","level":"SUCCESS","operation":"CONFIRMATION_AUTOMATIQUE","data":{"confirmees":0,"total":0}}
{"timestamp":"2025-09-05T15:00:01.142Z","level":"SUCCESS","operation":"DEBLOCAGE_AUTOMATIQUE","data":{"ok":1,"$clusterTime":{"clusterTime":{"$timestamp":"7546620034311782427"},"signature":{"hash":"9tvg1G6wk0uAIsfOlR7TpMU0r/E=","keyId":{"low":7,"high":1744141991,"unsigned":false}}},"operationTime":{"$timestamp":"7546620034311782426"}}}
{"timestamp":"2025-09-05T15:30:00.486Z","level":"SUCCESS","operation":"CONFIRMATION_AUTOMATIQUE","data":{"confirmees":0,"total":0}}
{"timestamp":"2025-09-05T15:30:00.953Z","level":"SUCCESS","operation":"DEBLOCAGE_AUTOMATIQUE","data":{"ok":1,"$clusterTime":{"clusterTime":{"$timestamp":"7546627765252915213"},"signature":{"hash":"3RRxIlXNFCyJwMcfvG/2cCkgF5U=","keyId":{"low":7,"high":1744141991,"unsigned":false}}},"operationTime":{"$timestamp":"7546627765252915213"}}}
{"timestamp":"2025-09-05T16:00:00.555Z","level":"SUCCESS","operation":"CONFIRMATION_AUTOMATIQUE","data":{"confirmees":0,"total":0}}
{"timestamp":"2025-09-05T16:00:01.078Z","level":"SUCCESS","operation":"DEBLOCAGE_AUTOMATIQUE","data":{"ok":1,"$clusterTime":{"clusterTime":{"$timestamp":"7546635496194048017"},"signature":{"hash":"LXYfjK+AaB5xJlyKcQ+dwCZxzYI=","keyId":{"low":7,"high":1744141991,"unsigned":false}}},"operationTime":{"$timestamp":"7546635496194048017"}}}
{"timestamp":"2025-09-05T16:30:00.487Z","level":"SUCCESS","operation":"CONFIRMATION_AUTOMATIQUE","data":{"confirmees":0,"total":0}}
{"timestamp":"2025-09-05T16:30:00.963Z","level":"SUCCESS","operation":"DEBLOCAGE_AUTOMATIQUE","data":{"ok":1,"$clusterTime":{"clusterTime":{"$timestamp":"7546643227135180806"},"signature":{"hash":"vCZthcA9OI+PgzKyYuv5ZufcNt8=","keyId":{"low":7,"high":1744141991,"unsigned":false}}},"operationTime":{"$timestamp":"7546643227135180806"}}}
{"timestamp":"2025-09-05T18:00:00.486Z","level":"SUCCESS","operation":"CONFIRMATION_AUTOMATIQUE","data":{"confirmees":0,"total":0}}
{"timestamp":"2025-09-05T18:00:00.938Z","level":"SUCCESS","operation":"DEBLOCAGE_AUTOMATIQUE","data":{"ok":1,"$clusterTime":{"clusterTime":{"$timestamp":"7546666419958579548"},"signature":{"hash":"rn0Rkh6ylojdCA/Xsve7ErPHpPI=","keyId":{"low":7,"high":1744141991,"unsigned":false}}},"operationTime":{"$timestamp":"7546666419958579545"}}}
{"timestamp":"2025-09-05T18:30:00.453Z","level":"SUCCESS","operation":"CONFIRMATION_AUTOMATIQUE","data":{"confirmees":0,"total":0}}
{"timestamp":"2025-09-05T18:30:00.887Z","level":"SUCCESS","operation":"DEBLOCAGE_AUTOMATIQUE","data":{"ok":1,"$clusterTime":{"clusterTime":{"$timestamp":"7546674150899712017"},"signature":{"hash":"lAcWFmvW/tXHWUsrjbVYR/cxbxg=","keyId":{"low":7,"high":1744141991,"unsigned":false}}},"operationTime":{"$timestamp":"7546674150899712017"}}}
{"timestamp":"2025-09-05T19:00:00.495Z","level":"SUCCESS","operation":"CONFIRMATION_AUTOMATIQUE","data":{"confirmees":0,"total":0}}
{"timestamp":"2025-09-05T19:00:00.935Z","level":"SUCCESS","operation":"DEBLOCAGE_AUTOMATIQUE","data":{"ok":1,"$clusterTime":{"clusterTime":{"$timestamp":"7546681881840844823"},"signature":{"hash":"a3KbV6B5boDVKdrxa+U/mTWqDRg=","keyId":{"low":7,"high":1744141991,"unsigned":false}}},"operationTime":{"$timestamp":"7546681881840844823"}}}
{"timestamp":"2025-09-05T19:30:00.479Z","level":"SUCCESS","operation":"CONFIRMATION_AUTOMATIQUE","data":{"confirmees":0,"total":0}}
{"timestamp":"2025-09-05T19:30:00.934Z","level":"SUCCESS","operation":"DEBLOCAGE_AUTOMATIQUE","data":{"ok":1,"$clusterTime":{"clusterTime":{"$timestamp":"7546689612781977618"},"signature":{"hash":"JS0RtS0fdO5ZdvjGMNNxtLGOTGQ=","keyId":{"low":7,"high":1744141991,"unsigned":false}}},"operationTime":{"$timestamp":"7546689612781977618"}}}
