{"timestamp":"2026-04-08T11:30:00.760Z","level":"SUCCESS","operation":"CONFIRMATION_AUTOMATIQUE","data":{"confirmees":0,"total":0}}
{"timestamp":"2026-04-08T11:30:01.231Z","level":"SUCCESS","operation":"DEBLOCAGE_AUTOMATIQUE","data":{"ok":1,"$clusterTime":{"clusterTime":{"$timestamp":"7626349230214348826"},"signature":{"hash":"bZOivxt8OnIFtYQ5PzIbNVYNqhQ=","keyId":{"low":16,"high":1763403835,"unsigned":false}}},"operationTime":{"$timestamp":"7626349230214348826"}}}
{"timestamp":"2026-04-08T12:00:00.973Z","level":"SUCCESS","operation":"CONFIRMATION_AUTOMATIQUE","data":{"confirmees":0,"total":0}}
{"timestamp":"2026-04-08T12:00:01.569Z","level":"SUCCESS","operation":"DEBLOCAGE_AUTOMATIQUE","data":{"ok":1,"$clusterTime":{"clusterTime":{"$timestamp":"7626356965450448929"},"signature":{"hash":"zCAoop2yJMSlSAqSd6Srn4X7ED8=","keyId":{"low":16,"high":1763403835,"unsigned":false}}},"operationTime":{"$timestamp":"7626356965450448929"}}}
{"timestamp":"2026-04-08T12:46:38.212Z","level":"SUCCESS","operation":"CONFIRMATION_AUTOMATIQUE","data":{"confirmees":0,"total":0}}
{"timestamp":"2026-04-08T12:46:39.121Z","level":"SUCCESS","operation":"DEBLOCAGE_AUTOMATIQUE","data":{"ok":1,"$clusterTime":{"clusterTime":{"$timestamp":"7626368978473975817"},"signature":{"hash":"wlzbC7ScNjc2iHrJXoIEFfx27gA=","keyId":{"low":16,"high":1763403835,"unsigned":false}}},"operationTime":{"$timestamp":"7626368978473975817"}}}
{"timestamp":"2026-04-08T13:00:03.830Z","level":"SUCCESS","operation":"CONFIRMATION_AUTOMATIQUE","data":{"confirmees":0,"total":0}}
{"timestamp":"2026-04-08T13:00:04.355Z","level":"SUCCESS","operation":"DEBLOCAGE_AUTOMATIQUE","data":{"ok":1,"$clusterTime":{"clusterTime":{"$timestamp":"7626372440217616385"},"signature":{"hash":"ZlIHT7IdARM5hjhKKZkcVy0xkDI=","keyId":{"low":16,"high":1763403835,"unsigned":false}}},"operationTime":{"$timestamp":"7626372440217616385"}}}
{"timestamp":"2026-04-08T13:30:02.655Z","level":"SUCCESS","operation":"CONFIRMATION_AUTOMATIQUE","data":{"confirmees":0,"total":0}}
{"timestamp":"2026-04-08T13:30:03.223Z","level":"SUCCESS","operation":"DEBLOCAGE_AUTOMATIQUE","data":{"ok":1,"$clusterTime":{"clusterTime":{"$timestamp":"7626380162568814643"},"signature":{"hash":"D51TkUrvKzibrKpU//l48b9fXpE=","keyId":{"low":16,"high":1763403835,"unsigned":false}}},"operationTime":{"$timestamp":"7626380162568814643"}}}
{"timestamp":"2026-04-08T14:00:00.890Z","level":"SUCCESS","operation":"CONFIRMATION_AUTOMATIQUE","data":{"confirmees":0,"total":0}}
{"timestamp":"2026-04-08T14:00:01.303Z","level":"SUCCESS","operation":"DEBLOCAGE_AUTOMATIQUE","data":{"ok":1,"$clusterTime":{"clusterTime":{"$timestamp":"7626387884920012857"},"signature":{"hash":"0TCL2B5Lql6fIqUrqqPvkCL5VY8=","keyId":{"low":16,"high":1763403835,"unsigned":false}}},"operationTime":{"$timestamp":"7626387884920012857"}}}
{"timestamp":"2026-04-08T14:30:00.810Z","level":"SUCCESS","operation":"CONFIRMATION_AUTOMATIQUE","data":{"confirmees":0,"total":0}}
{"timestamp":"2026-04-08T14:30:01.314Z","level":"SUCCESS","operation":"DEBLOCAGE_AUTOMATIQUE","data":{"ok":1,"$clusterTime":{"clusterTime":{"$timestamp":"7626395615861145625"},"signature":{"hash":"jlJ+xQnXi3j8iXPa+1NloDzqaqg=","keyId":{"low":16,"high":1763403835,"unsigned":false}}},"operationTime":{"$timestamp":"7626395615861145625"}}}
{"timestamp":"2026-04-08T15:00:00.887Z","level":"SUCCESS","operation":"CONFIRMATION_AUTOMATIQUE","data":{"confirmees":0,"total":0}}
{"timestamp":"2026-04-08T15:00:01.489Z","level":"SUCCESS","operation":"DEBLOCAGE_AUTOMATIQUE","data":{"ok":1,"$clusterTime":{"clusterTime":{"$timestamp":"7626403351097245700"},"signature":{"hash":"WlIR3eHmiwXlT5SZj+RbP0gaGRM=","keyId":{"low":16,"high":1763403835,"unsigned":false}}},"operationTime":{"$timestamp":"7626403351097245700"}}}
{"timestamp":"2026-04-08T15:30:48.070Z","level":"SUCCESS","operation":"CONFIRMATION_AUTOMATIQUE","data":{"confirmees":0,"total":0}}
{"timestamp":"2026-04-08T15:30:48.652Z","level":"SUCCESS","operation":"DEBLOCAGE_AUTOMATIQUE","data":{"ok":1,"$clusterTime":{"clusterTime":{"$timestamp":"7626411283901841419"},"signature":{"hash":"il4GxLJWRtoCV9oGKNWmdLMjBFE=","keyId":{"low":16,"high":1763403835,"unsigned":false}}},"operationTime":{"$timestamp":"7626411283901841419"}}}
{"timestamp":"2026-04-08T16:00:01.921Z","level":"SUCCESS","operation":"CONFIRMATION_AUTOMATIQUE","data":{"confirmees":0,"total":0}}
{"timestamp":"2026-04-08T16:00:02.955Z","level":"SUCCESS","operation":"DEBLOCAGE_AUTOMATIQUE","data":{"ok":1,"$clusterTime":{"clusterTime":{"$timestamp":"7626418817274478608"},"signature":{"hash":"mvpPf2jGhv9q35XIqn2CIwAv7Ag=","keyId":{"low":16,"high":1763403835,"unsigned":false}}},"operationTime":{"$timestamp":"7626418817274478608"}}}
{"timestamp":"2026-04-08T16:30:01.514Z","level":"SUCCESS","operation":"CONFIRMATION_AUTOMATIQUE","data":{"confirmees":0,"total":0}}
{"timestamp":"2026-04-08T16:30:02.573Z","level":"SUCCESS","operation":"DEBLOCAGE_AUTOMATIQUE","data":{"ok":1,"$clusterTime":{"clusterTime":{"$timestamp":"7626426543920644109"},"signature":{"hash":"xwnAPWAxhTvn6GcZmbBomgMzljc=","keyId":{"low":16,"high":1763403835,"unsigned":false}}},"operationTime":{"$timestamp":"7626426543920644109"}}}
