{"timestamp":"2026-03-25T08:30:02.632Z","level":"SUCCESS","operation":"CONFIRMATION_AUTOMATIQUE","data":{"confirmees":0,"total":0}}
{"timestamp":"2026-03-25T08:30:03.115Z","level":"SUCCESS","operation":"DEBLOCAGE_AUTOMATIQUE","data":{"ok":1,"$clusterTime":{"clusterTime":{"$timestamp":"7621107665011212293"},"signature":{"hash":"XFynsM3UkLGmlA16q0h7zYIxYeg=","keyId":{"low":16,"high":1763403835,"unsigned":false}}},"operationTime":{"$timestamp":"7621107665011212293"}}}
{"timestamp":"2026-03-25T09:00:00.999Z","level":"SUCCESS","operation":"CONFIRMATION_AUTOMATIQUE","data":{"confirmees":0,"total":0}}
{"timestamp":"2026-03-25T09:00:01.548Z","level":"SUCCESS","operation":"DEBLOCAGE_AUTOMATIQUE","data":{"ok":1,"$clusterTime":{"clusterTime":{"$timestamp":"7621115387362410503"},"signature":{"hash":"OiN5g9i/qKLXR8RcUSPnlGebsJ0=","keyId":{"low":16,"high":1763403835,"unsigned":false}}},"operationTime":{"$timestamp":"7621115387362410503"}}}
{"timestamp":"2026-03-25T09:30:00.749Z","level":"SUCCESS","operation":"CONFIRMATION_AUTOMATIQUE","data":{"confirmees":0,"total":0}}
{"timestamp":"2026-03-25T09:30:26.738Z","level":"SUCCESS","operation":"DEBLOCAGE_AUTOMATIQUE","data":{"ok":1,"$clusterTime":{"clusterTime":{"$timestamp":"7621123225677726718"},"signature":{"hash":"Xk6rvBs6RwUjlcsk6oyOei/7kNQ=","keyId":{"low":16,"high":1763403835,"unsigned":false}}},"operationTime":{"$timestamp":"7621123225677726718"}}}
{"timestamp":"2026-03-25T10:00:01.112Z","level":"SUCCESS","operation":"CONFIRMATION_AUTOMATIQUE","data":{"confirmees":0,"total":0}}
{"timestamp":"2026-03-25T10:00:01.632Z","level":"SUCCESS","operation":"DEBLOCAGE_AUTOMATIQUE","data":{"ok":1,"$clusterTime":{"clusterTime":{"$timestamp":"7621130849244676120"},"signature":{"hash":"1vQINz3rkxwocl8kUXobwpZtIy0=","keyId":{"low":16,"high":1763403835,"unsigned":false}}},"operationTime":{"$timestamp":"7621130849244676120"}}}
{"timestamp":"2026-03-25T10:30:00.801Z","level":"SUCCESS","operation":"CONFIRMATION_AUTOMATIQUE","data":{"confirmees":0,"total":0}}
{"timestamp":"2026-03-25T10:30:01.302Z","level":"SUCCESS","operation":"DEBLOCAGE_AUTOMATIQUE","data":{"ok":1,"$clusterTime":{"clusterTime":{"$timestamp":"7621138580185808898"},"signature":{"hash":"SXH4wEK/cBKK8ifx6CEBDsVKnTU=","keyId":{"low":16,"high":1763403835,"unsigned":false}}},"operationTime":{"$timestamp":"7621138580185808898"}}}
{"timestamp":"2026-03-25T11:00:58.802Z","level":"SUCCESS","operation":"CONFIRMATION_AUTOMATIQUE","data":{"confirmees":0,"total":0}}
{"timestamp":"2026-03-25T11:00:59.353Z","level":"SUCCESS","operation":"DEBLOCAGE_AUTOMATIQUE","data":{"ok":1,"$clusterTime":{"clusterTime":{"$timestamp":"7621146560235044866"},"signature":{"hash":"bON6fzb08xaV/ZWYbdBOjODAe2Y=","keyId":{"low":16,"high":1763403835,"unsigned":false}}},"operationTime":{"$timestamp":"7621146560235044866"}}}
{"timestamp":"2026-03-25T11:54:09.296Z","level":"SUCCESS","operation":"CONFIRMATION_AUTOMATIQUE","data":{"confirmees":0,"total":0}}
{"timestamp":"2026-03-25T11:54:09.960Z","level":"SUCCESS","operation":"DEBLOCAGE_AUTOMATIQUE","data":{"ok":1,"$clusterTime":{"clusterTime":{"$timestamp":"7621160261180719112"},"signature":{"hash":"KNRaILDDTd5d3zn5jn/CLOYytGg=","keyId":{"low":16,"high":1763403835,"unsigned":false}}},"operationTime":{"$timestamp":"7621160261180719112"}}}
{"timestamp":"2026-03-25T12:00:04.964Z","level":"SUCCESS","operation":"CONFIRMATION_AUTOMATIQUE","data":{"confirmees":0,"total":0}}
{"timestamp":"2026-03-25T12:00:05.623Z","level":"SUCCESS","operation":"DEBLOCAGE_AUTOMATIQUE","data":{"ok":1,"$clusterTime":{"clusterTime":{"$timestamp":"7621161790189076504"},"signature":{"hash":"tHKJQO/OQUpuY5QSUPjwDhs3O7k=","keyId":{"low":16,"high":1763403835,"unsigned":false}}},"operationTime":{"$timestamp":"7621161790189076504"}}}
{"timestamp":"2026-03-25T12:30:00.849Z","level":"SUCCESS","operation":"CONFIRMATION_AUTOMATIQUE","data":{"confirmees":0,"total":0}}
{"timestamp":"2026-03-25T12:30:01.377Z","level":"SUCCESS","operation":"DEBLOCAGE_AUTOMATIQUE","data":{"ok":1,"$clusterTime":{"clusterTime":{"$timestamp":"7621169499655372831"},"signature":{"hash":"kKI9VFiBZqfjn+7bB2TLu4ARU0M=","keyId":{"low":16,"high":1763403835,"unsigned":false}}},"operationTime":{"$timestamp":"7621169499655372831"}}}
{"timestamp":"2026-03-25T13:00:03.906Z","level":"SUCCESS","operation":"CONFIRMATION_AUTOMATIQUE","data":{"confirmees":0,"total":0}}
{"timestamp":"2026-03-25T13:00:04.464Z","level":"SUCCESS","operation":"DEBLOCAGE_AUTOMATIQUE","data":{"ok":1,"$clusterTime":{"clusterTime":{"$timestamp":"7621177247776374789"},"signature":{"hash":"4u+X5HbZRyTjk1jbrKaTrcYz0NU=","keyId":{"low":16,"high":1763403835,"unsigned":false}}},"operationTime":{"$timestamp":"7621177247776374789"}}}
{"timestamp":"2026-03-25T13:30:00.787Z","level":"SUCCESS","operation":"CONFIRMATION_AUTOMATIQUE","data":{"confirmees":0,"total":0}}
{"timestamp":"2026-03-25T13:30:01.290Z","level":"SUCCESS","operation":"DEBLOCAGE_AUTOMATIQUE","data":{"ok":1,"$clusterTime":{"clusterTime":{"$timestamp":"7621184961537638436"},"signature":{"hash":"NwXtTqWa8WBKYm4dxzjbvgSYb+U=","keyId":{"low":16,"high":1763403835,"unsigned":false}}},"operationTime":{"$timestamp":"7621184961537638436"}}}
{"timestamp":"2026-03-25T14:00:03.482Z","level":"SUCCESS","operation":"CONFIRMATION_AUTOMATIQUE","data":{"confirmees":0,"total":0}}
{"timestamp":"2026-03-25T14:00:04.430Z","level":"SUCCESS","operation":"DEBLOCAGE_AUTOMATIQUE","data":{"ok":1,"$clusterTime":{"clusterTime":{"$timestamp":"7621192705363673329"},"signature":{"hash":"LR+/OiBeTaXI361ErN2RJ9NJIAE=","keyId":{"low":16,"high":1763403835,"unsigned":false}}},"operationTime":{"$timestamp":"7621192705363673329"}}}
{"timestamp":"2026-03-25T14:30:00.885Z","level":"SUCCESS","operation":"CONFIRMATION_AUTOMATIQUE","data":{"confirmees":0,"total":0}}
{"timestamp":"2026-03-25T14:30:01.435Z","level":"SUCCESS","operation":"DEBLOCAGE_AUTOMATIQUE","data":{"ok":1,"$clusterTime":{"clusterTime":{"$timestamp":"7621200423419904025"},"signature":{"hash":"5+Z6HrD0mrdGZdgMwmyAM3ixFTQ=","keyId":{"low":16,"high":1763403835,"unsigned":false}}},"operationTime":{"$timestamp":"7621200423419904025"}}}
{"timestamp":"2026-03-25T15:00:01.047Z","level":"SUCCESS","operation":"CONFIRMATION_AUTOMATIQUE","data":{"confirmees":0,"total":0}}
{"timestamp":"2026-03-25T15:00:01.681Z","level":"SUCCESS","operation":"DEBLOCAGE_AUTOMATIQUE","data":{"ok":1,"$clusterTime":{"clusterTime":{"$timestamp":"7621208158656004099"},"signature":{"hash":"fzwdicwUhD8IF5q3q9Mazz/3qk0=","keyId":{"low":16,"high":1763403835,"unsigned":false}}},"operationTime":{"$timestamp":"7621208158656004099"}}}
{"timestamp":"2026-03-25T15:32:39.590Z","level":"ERROR","operation":"TACHES_AUTOMATIQUES","data":{"error":"Could not connect to any servers in your MongoDB Atlas cluster. One common reason is that you're trying to access the database from an IP that isn't whitelisted. Make sure your current IP address is on your Atlas cluster's IP whitelist: https://www.mongodb.com/docs/atlas/security-whitelist/"}}
