{"timestamp":"2026-03-15T12:00:00.587Z","level":"SUCCESS","operation":"CONFIRMATION_AUTOMATIQUE","data":{"confirmees":0,"total":0}}
{"timestamp":"2026-03-15T12:00:01.165Z","level":"SUCCESS","operation":"DEBLOCAGE_AUTOMATIQUE","data":{"ok":1,"$clusterTime":{"clusterTime":{"$timestamp":"7617450916970496134"},"signature":{"hash":"lOHQkizqP49/EkCWW2X+S1Sc63I=","keyId":{"low":16,"high":1763403835,"unsigned":false}}},"operationTime":{"$timestamp":"7617450916970496134"}}}
{"timestamp":"2026-03-15T12:30:00.634Z","level":"SUCCESS","operation":"CONFIRMATION_AUTOMATIQUE","data":{"confirmees":0,"total":0}}
{"timestamp":"2026-03-15T12:30:01.242Z","level":"SUCCESS","operation":"DEBLOCAGE_AUTOMATIQUE","data":{"ok":1,"$clusterTime":{"clusterTime":{"$timestamp":"7617458652206596097"},"signature":{"hash":"WmCSdZgyZ82rYk1YCX+f9VNwWLY=","keyId":{"low":16,"high":1763403835,"unsigned":false}}},"operationTime":{"$timestamp":"7617458652206596097"}}}
{"timestamp":"2026-03-15T13:00:00.636Z","level":"SUCCESS","operation":"CONFIRMATION_AUTOMATIQUE","data":{"confirmees":0,"total":0}}
{"timestamp":"2026-03-15T13:00:01.196Z","level":"SUCCESS","operation":"DEBLOCAGE_AUTOMATIQUE","data":{"ok":1,"$clusterTime":{"clusterTime":{"$timestamp":"7617466378852761661"},"signature":{"hash":"JaJxEdoNKXZiCdVM3azcdqCy8QA=","keyId":{"low":16,"high":1763403835,"unsigned":false}}},"operationTime":{"$timestamp":"7617466378852761661"}}}
{"timestamp":"2026-03-15T13:30:00.609Z","level":"SUCCESS","operation":"CONFIRMATION_AUTOMATIQUE","data":{"confirmees":0,"total":0}}
{"timestamp":"2026-03-15T13:30:01.154Z","level":"SUCCESS","operation":"DEBLOCAGE_AUTOMATIQUE","data":{"ok":1,"$clusterTime":{"clusterTime":{"$timestamp":"7617474109793894493"},"signature":{"hash":"PFAhEcU/uTn05ZGQNWdg3MZv8BQ=","keyId":{"low":16,"high":1763403835,"unsigned":false}}},"operationTime":{"$timestamp":"7617474109793894492"}}}
{"timestamp":"2026-03-15T14:00:00.699Z","level":"SUCCESS","operation":"CONFIRMATION_AUTOMATIQUE","data":{"confirmees":0,"total":0}}
{"timestamp":"2026-03-15T14:00:01.306Z","level":"SUCCESS","operation":"DEBLOCAGE_AUTOMATIQUE","data":{"ok":1,"$clusterTime":{"clusterTime":{"$timestamp":"7617481840735027281"},"signature":{"hash":"YbXkqwJQxuqln7aArJOEHKDwRO8=","keyId":{"low":16,"high":1763403835,"unsigned":false}}},"operationTime":{"$timestamp":"7617481840735027281"}}}
{"timestamp":"2026-03-15T14:30:00.580Z","level":"SUCCESS","operation":"CONFIRMATION_AUTOMATIQUE","data":{"confirmees":0,"total":0}}
{"timestamp":"2026-03-15T14:30:01.144Z","level":"SUCCESS","operation":"DEBLOCAGE_AUTOMATIQUE","data":{"ok":1,"$clusterTime":{"clusterTime":{"$timestamp":"7617489571676160044"},"signature":{"hash":"PY1852qiF16nmG5BX7HFR40YsvQ=","keyId":{"low":16,"high":1763403835,"unsigned":false}}},"operationTime":{"$timestamp":"7617489571676160044"}}}
{"timestamp":"2026-03-15T15:00:00.637Z","level":"SUCCESS","operation":"CONFIRMATION_AUTOMATIQUE","data":{"confirmees":0,"total":0}}
{"timestamp":"2026-03-15T15:00:01.221Z","level":"SUCCESS","operation":"DEBLOCAGE_AUTOMATIQUE","data":{"ok":1,"$clusterTime":{"clusterTime":{"$timestamp":"7617497302617292847"},"signature":{"hash":"nAh8Ehs74HRvpNMl/UDvq8mWed4=","keyId":{"low":16,"high":1763403835,"unsigned":false}}},"operationTime":{"$timestamp":"7617497302617292847"}}}
{"timestamp":"2026-03-15T15:30:00.987Z","level":"SUCCESS","operation":"CONFIRMATION_AUTOMATIQUE","data":{"confirmees":0,"total":0}}
{"timestamp":"2026-03-15T15:30:01.915Z","level":"SUCCESS","operation":"DEBLOCAGE_AUTOMATIQUE","data":{"ok":1,"$clusterTime":{"clusterTime":{"$timestamp":"7617505037853392907"},"signature":{"hash":"8iAYUXbDfV1LS7M2rlBKfHI0lgw=","keyId":{"low":16,"high":1763403835,"unsigned":false}}},"operationTime":{"$timestamp":"7617505037853392907"}}}
{"timestamp":"2026-03-15T16:00:00.526Z","level":"SUCCESS","operation":"CONFIRMATION_AUTOMATIQUE","data":{"confirmees":0,"total":0}}
{"timestamp":"2026-03-15T16:00:01.016Z","level":"SUCCESS","operation":"DEBLOCAGE_AUTOMATIQUE","data":{"ok":1,"$clusterTime":{"clusterTime":{"$timestamp":"7617512764499558442"},"signature":{"hash":"1+u+dD+rKGpjfltrsFmj3ZHN29U=","keyId":{"low":16,"high":1763403835,"unsigned":false}}},"operationTime":{"$timestamp":"7617512764499558442"}}}
{"timestamp":"2026-03-15T16:30:00.524Z","level":"SUCCESS","operation":"CONFIRMATION_AUTOMATIQUE","data":{"confirmees":0,"total":0}}
{"timestamp":"2026-03-15T16:30:01.003Z","level":"SUCCESS","operation":"DEBLOCAGE_AUTOMATIQUE","data":{"ok":1,"$clusterTime":{"clusterTime":{"$timestamp":"7617520495440691237"},"signature":{"hash":"CScK3sZ3wV+Mz4uILikMlW9RQXU=","keyId":{"low":16,"high":1763403835,"unsigned":false}}},"operationTime":{"$timestamp":"7617520495440691237"}}}
{"timestamp":"2026-03-15T17:00:00.616Z","level":"SUCCESS","operation":"CONFIRMATION_AUTOMATIQUE","data":{"confirmees":0,"total":0}}
{"timestamp":"2026-03-15T17:00:01.150Z","level":"SUCCESS","operation":"DEBLOCAGE_AUTOMATIQUE","data":{"ok":1,"$clusterTime":{"clusterTime":{"$timestamp":"7617528226381824045"},"signature":{"hash":"h42ob7oxrrkSaQe/JcKxEABR2qQ=","keyId":{"low":16,"high":1763403835,"unsigned":false}}},"operationTime":{"$timestamp":"7617528226381824045"}}}
{"timestamp":"2026-03-15T17:30:00.629Z","level":"SUCCESS","operation":"CONFIRMATION_AUTOMATIQUE","data":{"confirmees":0,"total":0}}
{"timestamp":"2026-03-15T17:30:01.207Z","level":"SUCCESS","operation":"DEBLOCAGE_AUTOMATIQUE","data":{"ok":1,"$clusterTime":{"clusterTime":{"$timestamp":"7617535957322956854"},"signature":{"hash":"i4shQ2j5j0/S1RbI8CiU6Jike+o=","keyId":{"low":16,"high":1763403835,"unsigned":false}}},"operationTime":{"$timestamp":"7617535957322956852"}}}
