{"timestamp":"2026-04-26T10:00:00.846Z","level":"SUCCESS","operation":"CONFIRMATION_AUTOMATIQUE","data":{"confirmees":0,"total":0}}
{"timestamp":"2026-04-26T10:00:01.322Z","level":"SUCCESS","operation":"DEBLOCAGE_AUTOMATIQUE","data":{"ok":1,"$clusterTime":{"clusterTime":{"$timestamp":"7633005574824656998"},"signature":{"hash":"OdDBZR2J8XYCau6D+sD3k0+YxTA=","keyId":{"low":16,"high":1763403835,"unsigned":false}}},"operationTime":{"$timestamp":"7633005574824656998"}}}
{"timestamp":"2026-04-26T10:30:00.803Z","level":"SUCCESS","operation":"CONFIRMATION_AUTOMATIQUE","data":{"confirmees":0,"total":0}}
{"timestamp":"2026-04-26T10:30:01.241Z","level":"SUCCESS","operation":"DEBLOCAGE_AUTOMATIQUE","data":{"ok":1,"$clusterTime":{"clusterTime":{"$timestamp":"7633013305765789698"},"signature":{"hash":"KWZDBVx+M01DCkm3HjWknr3RkZg=","keyId":{"low":16,"high":1763403835,"unsigned":false}}},"operationTime":{"$timestamp":"7633013305765789698"}}}
{"timestamp":"2026-04-26T11:00:01.015Z","level":"SUCCESS","operation":"CONFIRMATION_AUTOMATIQUE","data":{"confirmees":0,"total":0}}
{"timestamp":"2026-04-26T11:00:01.550Z","level":"SUCCESS","operation":"DEBLOCAGE_AUTOMATIQUE","data":{"ok":1,"$clusterTime":{"clusterTime":{"$timestamp":"7633021036706922671"},"signature":{"hash":"+wCvtzSjALKum/ha1GDTns4Rmk4=","keyId":{"low":16,"high":1763403835,"unsigned":false}}},"operationTime":{"$timestamp":"7633021036706922671"}}}
{"timestamp":"2026-04-26T11:30:00.764Z","level":"SUCCESS","operation":"CONFIRMATION_AUTOMATIQUE","data":{"confirmees":0,"total":0}}
{"timestamp":"2026-04-26T11:30:01.202Z","level":"SUCCESS","operation":"DEBLOCAGE_AUTOMATIQUE","data":{"ok":1,"$clusterTime":{"clusterTime":{"$timestamp":"7633028767648055297"},"signature":{"hash":"YhqtzJe76b9Ngst/I53ED0D7rX8=","keyId":{"low":16,"high":1763403835,"unsigned":false}}},"operationTime":{"$timestamp":"7633028767648055297"}}}
{"timestamp":"2026-04-26T12:00:00.815Z","level":"SUCCESS","operation":"CONFIRMATION_AUTOMATIQUE","data":{"confirmees":0,"total":0}}
{"timestamp":"2026-04-26T12:00:01.313Z","level":"SUCCESS","operation":"DEBLOCAGE_AUTOMATIQUE","data":{"ok":1,"$clusterTime":{"clusterTime":{"$timestamp":"7633036498589188206"},"signature":{"hash":"nMe/DzY5e/WQilTxGviG7naGhiQ=","keyId":{"low":16,"high":1763403835,"unsigned":false}}},"operationTime":{"$timestamp":"7633036498589188203"}}}
{"timestamp":"2026-04-26T12:42:39.664Z","level":"SUCCESS","operation":"CONFIRMATION_AUTOMATIQUE","data":{"confirmees":0,"total":0}}
{"timestamp":"2026-04-26T12:42:40.474Z","level":"SUCCESS","operation":"DEBLOCAGE_AUTOMATIQUE","data":{"ok":1,"$clusterTime":{"clusterTime":{"$timestamp":"7633047485115531276"},"signature":{"hash":"E/+zAzh6rEGspxIAc+1plHu+YVI=","keyId":{"low":16,"high":1763403835,"unsigned":false}}},"operationTime":{"$timestamp":"7633047485115531276"}}}
{"timestamp":"2026-04-26T13:00:02.019Z","level":"SUCCESS","operation":"CONFIRMATION_AUTOMATIQUE","data":{"confirmees":0,"total":0}}
{"timestamp":"2026-04-26T13:00:02.518Z","level":"SUCCESS","operation":"DEBLOCAGE_AUTOMATIQUE","data":{"ok":1,"$clusterTime":{"clusterTime":{"$timestamp":"7633051964766421013"},"signature":{"hash":"IQekDCSgAIjSTQfo2wsoIZ50+44=","keyId":{"low":16,"high":1763403835,"unsigned":false}}},"operationTime":{"$timestamp":"7633051964766421013"}}}
{"timestamp":"2026-04-26T13:30:00.774Z","level":"SUCCESS","operation":"CONFIRMATION_AUTOMATIQUE","data":{"confirmees":0,"total":0}}
{"timestamp":"2026-04-26T13:30:01.215Z","level":"SUCCESS","operation":"DEBLOCAGE_AUTOMATIQUE","data":{"ok":1,"$clusterTime":{"clusterTime":{"$timestamp":"7633059687117619356"},"signature":{"hash":"AK59/jDXOWPqz+JPH0R1lDxdoms=","keyId":{"low":16,"high":1763403835,"unsigned":false}}},"operationTime":{"$timestamp":"7633059687117619356"}}}
{"timestamp":"2026-04-26T14:00:00.822Z","level":"SUCCESS","operation":"CONFIRMATION_AUTOMATIQUE","data":{"confirmees":0,"total":0}}
{"timestamp":"2026-04-26T14:00:01.268Z","level":"SUCCESS","operation":"DEBLOCAGE_AUTOMATIQUE","data":{"ok":1,"$clusterTime":{"clusterTime":{"$timestamp":"7633067418058752054"},"signature":{"hash":"CjK1KtKdYoYBreUU+2N7fTngTTU=","keyId":{"low":16,"high":1763403835,"unsigned":false}}},"operationTime":{"$timestamp":"7633067418058752054"}}}
{"timestamp":"2026-04-26T14:30:00.873Z","level":"SUCCESS","operation":"CONFIRMATION_AUTOMATIQUE","data":{"confirmees":0,"total":0}}
{"timestamp":"2026-04-26T14:30:01.472Z","level":"SUCCESS","operation":"DEBLOCAGE_AUTOMATIQUE","data":{"ok":1,"$clusterTime":{"clusterTime":{"$timestamp":"7633075153294852098"},"signature":{"hash":"roorjbka5rz3rTKHPqCTshV/z+0=","keyId":{"low":16,"high":1763403835,"unsigned":false}}},"operationTime":{"$timestamp":"7633075153294852098"}}}
{"timestamp":"2026-04-26T15:00:00.815Z","level":"SUCCESS","operation":"CONFIRMATION_AUTOMATIQUE","data":{"confirmees":0,"total":0}}
{"timestamp":"2026-04-26T15:00:01.294Z","level":"SUCCESS","operation":"DEBLOCAGE_AUTOMATIQUE","data":{"ok":1,"$clusterTime":{"clusterTime":{"$timestamp":"7633082879941017637"},"signature":{"hash":"yu0X3rKcxc50e82Cc32jasXpJPk=","keyId":{"low":16,"high":1763403835,"unsigned":false}}},"operationTime":{"$timestamp":"7633082879941017637"}}}
{"timestamp":"2026-04-26T15:32:54.192Z","level":"SUCCESS","operation":"CONFIRMATION_AUTOMATIQUE","data":{"confirmees":0,"total":0}}
{"timestamp":"2026-04-26T15:32:54.919Z","level":"SUCCESS","operation":"DEBLOCAGE_AUTOMATIQUE","data":{"ok":1,"$clusterTime":{"clusterTime":{"$timestamp":"7633091358206459911"},"signature":{"hash":"8q75VNbH/SAvflhKeDqLGjVZCr0=","keyId":{"low":16,"high":1763403835,"unsigned":false}}},"operationTime":{"$timestamp":"7633091358206459911"}}}
{"timestamp":"2026-04-26T16:00:01.089Z","level":"SUCCESS","operation":"CONFIRMATION_AUTOMATIQUE","data":{"confirmees":0,"total":0}}
{"timestamp":"2026-04-26T16:00:01.546Z","level":"SUCCESS","operation":"DEBLOCAGE_AUTOMATIQUE","data":{"ok":1,"$clusterTime":{"clusterTime":{"$timestamp":"7633098346118250499"},"signature":{"hash":"x3DByzBM+nADbUI3tVsfQcqM0D0=","keyId":{"low":16,"high":1763403835,"unsigned":false}}},"operationTime":{"$timestamp":"7633098346118250499"}}}
{"timestamp":"2026-04-26T16:30:00.766Z","level":"SUCCESS","operation":"CONFIRMATION_AUTOMATIQUE","data":{"confirmees":0,"total":0}}
{"timestamp":"2026-04-26T16:30:01.234Z","level":"SUCCESS","operation":"DEBLOCAGE_AUTOMATIQUE","data":{"ok":1,"$clusterTime":{"clusterTime":{"$timestamp":"7633106072764416107"},"signature":{"hash":"t4OkNhS3Ck8a/yoMdmegQPCwMvM=","keyId":{"low":16,"high":1763403835,"unsigned":false}}},"operationTime":{"$timestamp":"7633106072764416107"}}}
{"timestamp":"2026-04-26T17:00:00.773Z","level":"SUCCESS","operation":"CONFIRMATION_AUTOMATIQUE","data":{"confirmees":0,"total":0}}
{"timestamp":"2026-04-26T17:00:01.245Z","level":"SUCCESS","operation":"DEBLOCAGE_AUTOMATIQUE","data":{"ok":1,"$clusterTime":{"clusterTime":{"$timestamp":"7633113803705548833"},"signature":{"hash":"FOqQpzrvG9iquIt7d6NXbdlsd4Q=","keyId":{"low":16,"high":1763403835,"unsigned":false}}},"operationTime":{"$timestamp":"7633113803705548833"}}}
{"timestamp":"2026-04-26T17:30:00.766Z","level":"SUCCESS","operation":"CONFIRMATION_AUTOMATIQUE","data":{"confirmees":0,"total":0}}
{"timestamp":"2026-04-26T17:30:01.264Z","level":"SUCCESS","operation":"DEBLOCAGE_AUTOMATIQUE","data":{"ok":1,"$clusterTime":{"clusterTime":{"$timestamp":"7633121534646681680"},"signature":{"hash":"lKsyvAcOMPrOrdV5lJ8rQp5Sstc=","keyId":{"low":16,"high":1763403835,"unsigned":false}}},"operationTime":{"$timestamp":"7633121534646681680"}}}
{"timestamp":"2026-04-26T18:00:00.737Z","level":"SUCCESS","operation":"CONFIRMATION_AUTOMATIQUE","data":{"confirmees":0,"total":0}}
{"timestamp":"2026-04-26T18:00:01.192Z","level":"SUCCESS","operation":"DEBLOCAGE_AUTOMATIQUE","data":{"ok":1,"$clusterTime":{"clusterTime":{"$timestamp":"7633129265587814440"},"signature":{"hash":"ZdSmj6b3LT20IAHcr0U8hYWFIdo=","keyId":{"low":16,"high":1763403835,"unsigned":false}}},"operationTime":{"$timestamp":"7633129265587814440"}}}
{"timestamp":"2026-04-26T18:30:03.113Z","level":"SUCCESS","operation":"CONFIRMATION_AUTOMATIQUE","data":{"confirmees":0,"total":0}}
{"timestamp":"2026-04-26T18:30:03.744Z","level":"SUCCESS","operation":"DEBLOCAGE_AUTOMATIQUE","data":{"ok":1,"$clusterTime":{"clusterTime":{"$timestamp":"7633137009413849093"},"signature":{"hash":"eZkpgOPxRecCsRacWFlhHg8ha7E=","keyId":{"low":16,"high":1763403835,"unsigned":false}}},"operationTime":{"$timestamp":"7633137009413849093"}}}
{"timestamp":"2026-04-26T19:00:00.776Z","level":"SUCCESS","operation":"CONFIRMATION_AUTOMATIQUE","data":{"confirmees":0,"total":0}}
{"timestamp":"2026-04-26T19:00:01.340Z","level":"SUCCESS","operation":"DEBLOCAGE_AUTOMATIQUE","data":{"ok":1,"$clusterTime":{"clusterTime":{"$timestamp":"7633144727470080032"},"signature":{"hash":"RPM+RpIwX/tPozSgqVRnTIeabQE=","keyId":{"low":16,"high":1763403835,"unsigned":false}}},"operationTime":{"$timestamp":"7633144727470080032"}}}
{"timestamp":"2026-04-26T19:30:00.723Z","level":"SUCCESS","operation":"CONFIRMATION_AUTOMATIQUE","data":{"confirmees":0,"total":0}}
{"timestamp":"2026-04-26T19:30:01.165Z","level":"SUCCESS","operation":"DEBLOCAGE_AUTOMATIQUE","data":{"ok":1,"$clusterTime":{"clusterTime":{"$timestamp":"7633152458411212821"},"signature":{"hash":"1jn16HfXv1d6gl9/fXC7gH+n7zs=","keyId":{"low":16,"high":1763403835,"unsigned":false}}},"operationTime":{"$timestamp":"7633152458411212821"}}}
