{"timestamp":"2025-09-20T11:30:00.483Z","level":"SUCCESS","operation":"CONFIRMATION_AUTOMATIQUE","data":{"confirmees":0,"total":0}}
{"timestamp":"2025-09-20T11:30:00.989Z","level":"SUCCESS","operation":"DEBLOCAGE_AUTOMATIQUE","data":{"ok":1,"$clusterTime":{"clusterTime":{"$timestamp":"7552132195339468814"},"signature":{"hash":"Cm+qYwhu+7fkN/2uDS1ifkcfjV0=","keyId":{"low":7,"high":1744141991,"unsigned":false}}},"operationTime":{"$timestamp":"7552132195339468814"}}}
{"timestamp":"2025-09-20T12:00:00.482Z","level":"SUCCESS","operation":"CONFIRMATION_AUTOMATIQUE","data":{"confirmees":0,"total":0}}
{"timestamp":"2025-09-20T12:00:00.977Z","level":"SUCCESS","operation":"DEBLOCAGE_AUTOMATIQUE","data":{"ok":1,"$clusterTime":{"clusterTime":{"$timestamp":"7552139926280601885"},"signature":{"hash":"WoXBGYs7xQR3I8xjOgPytG7TIdw=","keyId":{"low":7,"high":1744141991,"unsigned":false}}},"operationTime":{"$timestamp":"7552139926280601885"}}}
{"timestamp":"2025-09-20T12:30:00.456Z","level":"SUCCESS","operation":"CONFIRMATION_AUTOMATIQUE","data":{"confirmees":0,"total":0}}
{"timestamp":"2025-09-20T12:30:00.890Z","level":"SUCCESS","operation":"DEBLOCAGE_AUTOMATIQUE","data":{"ok":1,"$clusterTime":{"clusterTime":{"$timestamp":"7552147657221734416"},"signature":{"hash":"agZ4CGU4f1OpcUJEk/wLB/fv+9M=","keyId":{"low":7,"high":1744141991,"unsigned":false}}},"operationTime":{"$timestamp":"7552147657221734416"}}}
{"timestamp":"2025-09-20T13:00:00.486Z","level":"SUCCESS","operation":"CONFIRMATION_AUTOMATIQUE","data":{"confirmees":0,"total":0}}
{"timestamp":"2025-09-20T13:00:00.918Z","level":"SUCCESS","operation":"DEBLOCAGE_AUTOMATIQUE","data":{"ok":1,"$clusterTime":{"clusterTime":{"$timestamp":"7552155388162867218"},"signature":{"hash":"3ULzYZLZzVz8E/dd64vGvGVMsrU=","keyId":{"low":7,"high":1744141991,"unsigned":false}}},"operationTime":{"$timestamp":"7552155388162867218"}}}
{"timestamp":"2025-09-20T13:30:00.478Z","level":"SUCCESS","operation":"CONFIRMATION_AUTOMATIQUE","data":{"confirmees":0,"total":0}}
{"timestamp":"2025-09-20T13:30:00.922Z","level":"SUCCESS","operation":"DEBLOCAGE_AUTOMATIQUE","data":{"ok":1,"$clusterTime":{"clusterTime":{"$timestamp":"7552163119104000022"},"signature":{"hash":"k/IPNeF+e+UZkSGZEylsvsRx/Bc=","keyId":{"low":7,"high":1744141991,"unsigned":false}}},"operationTime":{"$timestamp":"7552163119104000022"}}}
{"timestamp":"2025-09-20T14:00:00.485Z","level":"SUCCESS","operation":"CONFIRMATION_AUTOMATIQUE","data":{"confirmees":0,"total":0}}
{"timestamp":"2025-09-20T14:00:00.949Z","level":"SUCCESS","operation":"DEBLOCAGE_AUTOMATIQUE","data":{"ok":1,"$clusterTime":{"clusterTime":{"$timestamp":"7552170850045132815"},"signature":{"hash":"7hZ2hFUKRUu2lDNwJzI4eTLQXck=","keyId":{"low":7,"high":1744141991,"unsigned":false}}},"operationTime":{"$timestamp":"7552170850045132815"}}}
{"timestamp":"2025-09-20T14:30:00.465Z","level":"SUCCESS","operation":"CONFIRMATION_AUTOMATIQUE","data":{"confirmees":0,"total":0}}
{"timestamp":"2025-09-20T14:30:00.886Z","level":"SUCCESS","operation":"DEBLOCAGE_AUTOMATIQUE","data":{"ok":1,"$clusterTime":{"clusterTime":{"$timestamp":"7552178580986265617"},"signature":{"hash":"5glk6hrksKvI7b4zP8dez5Gn4xo=","keyId":{"low":7,"high":1744141991,"unsigned":false}}},"operationTime":{"$timestamp":"7552178580986265617"}}}
{"timestamp":"2025-09-20T15:00:00.479Z","level":"SUCCESS","operation":"CONFIRMATION_AUTOMATIQUE","data":{"confirmees":0,"total":0}}
{"timestamp":"2025-09-20T15:00:00.903Z","level":"SUCCESS","operation":"DEBLOCAGE_AUTOMATIQUE","data":{"ok":1,"$clusterTime":{"clusterTime":{"$timestamp":"7552186311927398421"},"signature":{"hash":"wa/SvbuHeOyKhlX4mfcd02jFdN0=","keyId":{"low":7,"high":1744141991,"unsigned":false}}},"operationTime":{"$timestamp":"7552186311927398421"}}}
{"timestamp":"2025-09-20T15:30:00.508Z","level":"SUCCESS","operation":"CONFIRMATION_AUTOMATIQUE","data":{"confirmees":0,"total":0}}
{"timestamp":"2025-09-20T15:30:00.976Z","level":"SUCCESS","operation":"DEBLOCAGE_AUTOMATIQUE","data":{"ok":1,"$clusterTime":{"clusterTime":{"$timestamp":"7552194042868531222"},"signature":{"hash":"jDZAEqP6TX4HeEgmml+3hPw6fUg=","keyId":{"low":7,"high":1744141991,"unsigned":false}}},"operationTime":{"$timestamp":"7552194042868531222"}}}
{"timestamp":"2025-09-20T16:00:00.487Z","level":"SUCCESS","operation":"CONFIRMATION_AUTOMATIQUE","data":{"confirmees":0,"total":0}}
{"timestamp":"2025-09-20T16:00:00.919Z","level":"SUCCESS","operation":"DEBLOCAGE_AUTOMATIQUE","data":{"ok":1,"$clusterTime":{"clusterTime":{"$timestamp":"7552201773809664019"},"signature":{"hash":"LyyHuD4rHu8oypSDc80NJYhg0oU=","keyId":{"low":7,"high":1744141991,"unsigned":false}}},"operationTime":{"$timestamp":"7552201773809664019"}}}
{"timestamp":"2025-09-20T16:30:00.499Z","level":"SUCCESS","operation":"CONFIRMATION_AUTOMATIQUE","data":{"confirmees":0,"total":0}}
{"timestamp":"2025-09-20T16:30:00.972Z","level":"SUCCESS","operation":"DEBLOCAGE_AUTOMATIQUE","data":{"ok":1,"$clusterTime":{"clusterTime":{"$timestamp":"7552209504750796819"},"signature":{"hash":"PQJodrCqxUBAdHvByR0vIAj7TiQ=","keyId":{"low":7,"high":1744141991,"unsigned":false}}},"operationTime":{"$timestamp":"7552209504750796819"}}}
{"timestamp":"2025-09-20T17:00:00.498Z","level":"SUCCESS","operation":"CONFIRMATION_AUTOMATIQUE","data":{"confirmees":0,"total":0}}
{"timestamp":"2025-09-20T17:00:00.923Z","level":"SUCCESS","operation":"DEBLOCAGE_AUTOMATIQUE","data":{"ok":1,"$clusterTime":{"clusterTime":{"$timestamp":"7552217235691929622"},"signature":{"hash":"0/vNQnREBTwqgxiwufJBSRk2Gm8=","keyId":{"low":7,"high":1744141991,"unsigned":false}}},"operationTime":{"$timestamp":"7552217235691929622"}}}
{"timestamp":"2025-09-20T17:30:00.507Z","level":"SUCCESS","operation":"CONFIRMATION_AUTOMATIQUE","data":{"confirmees":0,"total":0}}
{"timestamp":"2025-09-20T17:30:00.962Z","level":"SUCCESS","operation":"DEBLOCAGE_AUTOMATIQUE","data":{"ok":1,"$clusterTime":{"clusterTime":{"$timestamp":"7552224966633062413"},"signature":{"hash":"QEMNxNqqtU8T/jP7pZwqCedXmAc=","keyId":{"low":7,"high":1744141991,"unsigned":false}}},"operationTime":{"$timestamp":"7552224966633062413"}}}
