{"timestamp":"2026-01-27T08:00:00.517Z","level":"SUCCESS","operation":"CONFIRMATION_AUTOMATIQUE","data":{"confirmees":0,"total":0}}
{"timestamp":"2026-01-27T08:00:00.960Z","level":"SUCCESS","operation":"DEBLOCAGE_AUTOMATIQUE","data":{"ok":1,"$clusterTime":{"clusterTime":{"$timestamp":"7599948070540804097"},"signature":{"hash":"wa3FBHJMeoYlyLfwWqU6YfWaQk8=","keyId":{"low":16,"high":1756143198,"unsigned":false}}},"operationTime":{"$timestamp":"7599948070540804097"}}}
{"timestamp":"2026-01-27T08:30:00.500Z","level":"SUCCESS","operation":"CONFIRMATION_AUTOMATIQUE","data":{"confirmees":0,"total":0}}
{"timestamp":"2026-01-27T08:30:01.008Z","level":"SUCCESS","operation":"DEBLOCAGE_AUTOMATIQUE","data":{"ok":1,"$clusterTime":{"clusterTime":{"$timestamp":"7599955801481936900"},"signature":{"hash":"kmSv85miuMBhvGfWHptLiFXD15M=","keyId":{"low":16,"high":1756143198,"unsigned":false}}},"operationTime":{"$timestamp":"7599955801481936900"}}}
{"timestamp":"2026-01-27T09:00:00.907Z","level":"SUCCESS","operation":"CONFIRMATION_AUTOMATIQUE","data":{"confirmees":0,"total":0}}
{"timestamp":"2026-01-27T09:00:01.423Z","level":"SUCCESS","operation":"DEBLOCAGE_AUTOMATIQUE","data":{"ok":1,"$clusterTime":{"clusterTime":{"$timestamp":"7599963532423069719"},"signature":{"hash":"JzDA89HuMwlYX/c9+QNIovOz6aI=","keyId":{"low":16,"high":1756143198,"unsigned":false}}},"operationTime":{"$timestamp":"7599963532423069719"}}}
{"timestamp":"2026-01-27T09:30:00.441Z","level":"SUCCESS","operation":"CONFIRMATION_AUTOMATIQUE","data":{"confirmees":0,"total":0}}
{"timestamp":"2026-01-27T09:30:00.860Z","level":"SUCCESS","operation":"DEBLOCAGE_AUTOMATIQUE","data":{"ok":1,"$clusterTime":{"clusterTime":{"$timestamp":"7599971259069235244"},"signature":{"hash":"p0oFM0IEW+NiPovin8TeJtkL9O0=","keyId":{"low":16,"high":1756143198,"unsigned":false}}},"operationTime":{"$timestamp":"7599971259069235244"}}}
{"timestamp":"2026-01-27T10:00:00.580Z","level":"SUCCESS","operation":"CONFIRMATION_AUTOMATIQUE","data":{"confirmees":0,"total":0}}
{"timestamp":"2026-01-27T10:00:01.094Z","level":"SUCCESS","operation":"DEBLOCAGE_AUTOMATIQUE","data":{"ok":1,"$clusterTime":{"clusterTime":{"$timestamp":"7599978994305335300"},"signature":{"hash":"PmQOf54yAxjsGscKiVF6AOXNO1k=","keyId":{"low":16,"high":1756143198,"unsigned":false}}},"operationTime":{"$timestamp":"7599978994305335300"}}}
{"timestamp":"2026-01-27T10:30:01.941Z","level":"SUCCESS","operation":"CONFIRMATION_AUTOMATIQUE","data":{"confirmees":0,"total":0}}
{"timestamp":"2026-01-27T10:30:02.864Z","level":"SUCCESS","operation":"DEBLOCAGE_AUTOMATIQUE","data":{"ok":1,"$clusterTime":{"clusterTime":{"$timestamp":"7599986729541435420"},"signature":{"hash":"4oo3UXIiHEgjZXwq1IQvAylEATc=","keyId":{"low":16,"high":1756143198,"unsigned":false}}},"operationTime":{"$timestamp":"7599986729541435418"}}}
{"timestamp":"2026-01-27T11:00:00.631Z","level":"SUCCESS","operation":"CONFIRMATION_AUTOMATIQUE","data":{"confirmees":0,"total":0}}
{"timestamp":"2026-01-27T11:00:01.220Z","level":"SUCCESS","operation":"DEBLOCAGE_AUTOMATIQUE","data":{"ok":1,"$clusterTime":{"clusterTime":{"$timestamp":"7599994456187600899"},"signature":{"hash":"Fko8Q5me8mNHej0oE5ujgcRgLqQ=","keyId":{"low":16,"high":1756143198,"unsigned":false}}},"operationTime":{"$timestamp":"7599994456187600899"}}}
{"timestamp":"2026-01-27T11:30:00.430Z","level":"SUCCESS","operation":"CONFIRMATION_AUTOMATIQUE","data":{"confirmees":0,"total":0}}
{"timestamp":"2026-01-27T11:30:00.841Z","level":"SUCCESS","operation":"DEBLOCAGE_AUTOMATIQUE","data":{"ok":1,"$clusterTime":{"clusterTime":{"$timestamp":"7600002182833766436"},"signature":{"hash":"yJ0HGtqJ7nsXfqu0dL/lZ2LTETM=","keyId":{"low":16,"high":1756143198,"unsigned":false}}},"operationTime":{"$timestamp":"7600002182833766436"}}}
{"timestamp":"2026-01-27T13:30:00.460Z","level":"SUCCESS","operation":"CONFIRMATION_AUTOMATIQUE","data":{"confirmees":0,"total":0}}
{"timestamp":"2026-01-27T13:30:00.883Z","level":"SUCCESS","operation":"DEBLOCAGE_AUTOMATIQUE","data":{"ok":1,"$clusterTime":{"clusterTime":{"$timestamp":"7600033106598297625"},"signature":{"hash":"rR9qoq7Upd07JISegdtx0xSaQao=","keyId":{"low":16,"high":1756143198,"unsigned":false}}},"operationTime":{"$timestamp":"7600033106598297625"}}}
{"timestamp":"2026-01-27T14:00:00.491Z","level":"SUCCESS","operation":"CONFIRMATION_AUTOMATIQUE","data":{"confirmees":0,"total":0}}
{"timestamp":"2026-01-27T14:00:00.926Z","level":"SUCCESS","operation":"DEBLOCAGE_AUTOMATIQUE","data":{"ok":1,"$clusterTime":{"clusterTime":{"$timestamp":"7600040837539430462"},"signature":{"hash":"6XYog7nS/sN77FrbLRxBaOCtNiY=","keyId":{"low":16,"high":1756143198,"unsigned":false}}},"operationTime":{"$timestamp":"7600040837539430462"}}}
{"timestamp":"2026-01-27T14:30:00.554Z","level":"SUCCESS","operation":"CONFIRMATION_AUTOMATIQUE","data":{"confirmees":0,"total":0}}
{"timestamp":"2026-01-27T14:30:01.026Z","level":"SUCCESS","operation":"DEBLOCAGE_AUTOMATIQUE","data":{"ok":1,"$clusterTime":{"clusterTime":{"$timestamp":"7600048568480563249"},"signature":{"hash":"x9vkFVLL78wtKkCaCnIDnadDfAw=","keyId":{"low":16,"high":1756143198,"unsigned":false}}},"operationTime":{"$timestamp":"7600048568480563249"}}}
