{"timestamp":"2026-05-03T12:00:00.723Z","level":"SUCCESS","operation":"CONFIRMATION_AUTOMATIQUE","data":{"confirmees":0,"total":0}}
{"timestamp":"2026-05-03T12:00:01.170Z","level":"SUCCESS","operation":"DEBLOCAGE_AUTOMATIQUE","data":{"ok":1,"$clusterTime":{"clusterTime":{"$timestamp":"7635634090514841805"},"signature":{"hash":"ChvTeoc3oLjd7IebadtoRaFPpUU=","keyId":{"low":16,"high":1763403835,"unsigned":false}}},"operationTime":{"$timestamp":"7635634090514841805"}}}
{"timestamp":"2026-05-03T12:30:01.022Z","level":"SUCCESS","operation":"CONFIRMATION_AUTOMATIQUE","data":{"confirmees":0,"total":0}}
{"timestamp":"2026-05-03T12:30:01.654Z","level":"SUCCESS","operation":"DEBLOCAGE_AUTOMATIQUE","data":{"ok":1,"$clusterTime":{"clusterTime":{"$timestamp":"7635641825750942007"},"signature":{"hash":"xac+itsItxxa+HbVN55sF5wAkrE=","keyId":{"low":16,"high":1763403835,"unsigned":false}}},"operationTime":{"$timestamp":"7635641825750942007"}}}
{"timestamp":"2026-05-03T13:00:01.817Z","level":"SUCCESS","operation":"CONFIRMATION_AUTOMATIQUE","data":{"confirmees":0,"total":0}}
{"timestamp":"2026-05-03T13:00:02.260Z","level":"SUCCESS","operation":"DEBLOCAGE_AUTOMATIQUE","data":{"ok":1,"$clusterTime":{"clusterTime":{"$timestamp":"7635649556692074818"},"signature":{"hash":"iQVj0Y9uRRpOarLPZlVvXfk7/iw=","keyId":{"low":16,"high":1763403835,"unsigned":false}}},"operationTime":{"$timestamp":"7635649556692074818"}}}
{"timestamp":"2026-05-03T13:30:00.742Z","level":"SUCCESS","operation":"CONFIRMATION_AUTOMATIQUE","data":{"confirmees":0,"total":0}}
{"timestamp":"2026-05-03T13:30:01.202Z","level":"SUCCESS","operation":"DEBLOCAGE_AUTOMATIQUE","data":{"ok":1,"$clusterTime":{"clusterTime":{"$timestamp":"7635657283338240048"},"signature":{"hash":"97OaofTZ6oUCybrlx6fykJXBhFk=","keyId":{"low":16,"high":1763403835,"unsigned":false}}},"operationTime":{"$timestamp":"7635657283338240048"}}}
{"timestamp":"2026-05-03T14:00:00.827Z","level":"SUCCESS","operation":"CONFIRMATION_AUTOMATIQUE","data":{"confirmees":0,"total":0}}
{"timestamp":"2026-05-03T14:00:01.351Z","level":"SUCCESS","operation":"DEBLOCAGE_AUTOMATIQUE","data":{"ok":1,"$clusterTime":{"clusterTime":{"$timestamp":"7635665014279372919"},"signature":{"hash":"y+uml3yuWaBxLq/Vxp3Wybp8ca4=","keyId":{"low":16,"high":1763403835,"unsigned":false}}},"operationTime":{"$timestamp":"7635665014279372907"}}}
{"timestamp":"2026-05-03T14:30:00.766Z","level":"SUCCESS","operation":"CONFIRMATION_AUTOMATIQUE","data":{"confirmees":0,"total":0}}
{"timestamp":"2026-05-03T14:30:01.232Z","level":"SUCCESS","operation":"DEBLOCAGE_AUTOMATIQUE","data":{"ok":1,"$clusterTime":{"clusterTime":{"$timestamp":"7635672745220505800"},"signature":{"hash":"AW80KDY3ljsGKGv8KyEnEG1rxHc=","keyId":{"low":16,"high":1763403835,"unsigned":false}}},"operationTime":{"$timestamp":"7635672745220505800"}}}
{"timestamp":"2026-05-03T15:00:00.791Z","level":"SUCCESS","operation":"CONFIRMATION_AUTOMATIQUE","data":{"confirmees":0,"total":0}}
{"timestamp":"2026-05-03T15:00:01.226Z","level":"SUCCESS","operation":"DEBLOCAGE_AUTOMATIQUE","data":{"ok":1,"$clusterTime":{"clusterTime":{"$timestamp":"7635680476161638429"},"signature":{"hash":"vzXmdsHEUgxvrHbxu/GDyRtC/7I=","keyId":{"low":16,"high":1763403835,"unsigned":false}}},"operationTime":{"$timestamp":"7635680476161638428"}}}
{"timestamp":"2026-05-03T15:30:00.699Z","level":"SUCCESS","operation":"CONFIRMATION_AUTOMATIQUE","data":{"confirmees":0,"total":0}}
{"timestamp":"2026-05-03T15:30:01.131Z","level":"SUCCESS","operation":"DEBLOCAGE_AUTOMATIQUE","data":{"ok":1,"$clusterTime":{"clusterTime":{"$timestamp":"7635688207102771219"},"signature":{"hash":"Q1awbNvN+Heqy/y+/fHR8GoimzU=","keyId":{"low":16,"high":1763403835,"unsigned":false}}},"operationTime":{"$timestamp":"7635688207102771219"}}}
{"timestamp":"2026-05-03T16:00:00.762Z","level":"SUCCESS","operation":"CONFIRMATION_AUTOMATIQUE","data":{"confirmees":0,"total":0}}
{"timestamp":"2026-05-03T16:00:01.196Z","level":"SUCCESS","operation":"DEBLOCAGE_AUTOMATIQUE","data":{"ok":1,"$clusterTime":{"clusterTime":{"$timestamp":"7635695938043904044"},"signature":{"hash":"4IK2cIAvbytL4SigrBiGDobXF0M=","keyId":{"low":16,"high":1763403835,"unsigned":false}}},"operationTime":{"$timestamp":"7635695938043904044"}}}
{"timestamp":"2026-05-03T16:30:01.273Z","level":"SUCCESS","operation":"CONFIRMATION_AUTOMATIQUE","data":{"confirmees":0,"total":0}}
{"timestamp":"2026-05-03T16:30:02.061Z","level":"SUCCESS","operation":"DEBLOCAGE_AUTOMATIQUE","data":{"ok":1,"$clusterTime":{"clusterTime":{"$timestamp":"7635703673280004417"},"signature":{"hash":"RArXOI/EVQW7gRbWXeNOVsbgxGA=","keyId":{"low":16,"high":1763403835,"unsigned":false}}},"operationTime":{"$timestamp":"7635703673280004417"}}}
{"timestamp":"2026-05-03T17:00:00.753Z","level":"SUCCESS","operation":"CONFIRMATION_AUTOMATIQUE","data":{"confirmees":0,"total":0}}
{"timestamp":"2026-05-03T17:00:01.227Z","level":"SUCCESS","operation":"DEBLOCAGE_AUTOMATIQUE","data":{"ok":1,"$clusterTime":{"clusterTime":{"$timestamp":"7635711399926169630"},"signature":{"hash":"9A+Rv0HeCC5q4S4jLm7eYUNUHbE=","keyId":{"low":16,"high":1763403835,"unsigned":false}}},"operationTime":{"$timestamp":"7635711399926169630"}}}
{"timestamp":"2026-05-03T18:00:01.121Z","level":"SUCCESS","operation":"CONFIRMATION_AUTOMATIQUE","data":{"confirmees":0,"total":0}}
{"timestamp":"2026-05-03T18:00:01.813Z","level":"SUCCESS","operation":"DEBLOCAGE_AUTOMATIQUE","data":{"ok":1,"$clusterTime":{"clusterTime":{"$timestamp":"7635726866103403044"},"signature":{"hash":"1jZ1UaSdtVS9IiQ5WwPlVR0mrTU=","keyId":{"low":16,"high":1763403835,"unsigned":false}}},"operationTime":{"$timestamp":"7635726866103403044"}}}
{"timestamp":"2026-05-03T18:30:00.779Z","level":"SUCCESS","operation":"CONFIRMATION_AUTOMATIQUE","data":{"confirmees":0,"total":0}}
{"timestamp":"2026-05-03T18:30:01.239Z","level":"SUCCESS","operation":"DEBLOCAGE_AUTOMATIQUE","data":{"ok":1,"$clusterTime":{"clusterTime":{"$timestamp":"7635734597044535413"},"signature":{"hash":"+q+n0GIdsDvk0Z1d42mkwvjMv+M=","keyId":{"low":16,"high":1763403835,"unsigned":false}}},"operationTime":{"$timestamp":"7635734597044535388"}}}
