{"timestamp":"2026-04-23T08:00:01.245Z","level":"SUCCESS","operation":"CONFIRMATION_AUTOMATIQUE","data":{"confirmees":0,"total":0}}
{"timestamp":"2026-04-23T08:00:01.740Z","level":"SUCCESS","operation":"DEBLOCAGE_AUTOMATIQUE","data":{"ok":1,"$clusterTime":{"clusterTime":{"$timestamp":"7631861395537002721"},"signature":{"hash":"FfUlRJKOWrd5VEzObKDVY15pUH8=","keyId":{"low":16,"high":1763403835,"unsigned":false}}},"operationTime":{"$timestamp":"7631861395537002721"}}}
{"timestamp":"2026-04-23T08:30:00.771Z","level":"SUCCESS","operation":"CONFIRMATION_AUTOMATIQUE","data":{"confirmees":0,"total":0}}
{"timestamp":"2026-04-23T08:30:01.235Z","level":"SUCCESS","operation":"DEBLOCAGE_AUTOMATIQUE","data":{"ok":1,"$clusterTime":{"clusterTime":{"$timestamp":"7631869126478135298"},"signature":{"hash":"F8cZQs6I1BIg0WFGOJ1a6wA/zRs=","keyId":{"low":16,"high":1763403835,"unsigned":false}}},"operationTime":{"$timestamp":"7631869126478135298"}}}
{"timestamp":"2026-04-23T09:00:00.765Z","level":"SUCCESS","operation":"CONFIRMATION_AUTOMATIQUE","data":{"confirmees":0,"total":0}}
{"timestamp":"2026-04-23T09:00:01.219Z","level":"SUCCESS","operation":"DEBLOCAGE_AUTOMATIQUE","data":{"ok":1,"$clusterTime":{"clusterTime":{"$timestamp":"7631876857419268097"},"signature":{"hash":"Jb1qwtlnNHvBfMdzx4yj1nzNsvQ=","keyId":{"low":16,"high":1763403835,"unsigned":false}}},"operationTime":{"$timestamp":"7631876857419268097"}}}
{"timestamp":"2026-04-23T09:30:00.725Z","level":"SUCCESS","operation":"CONFIRMATION_AUTOMATIQUE","data":{"confirmees":0,"total":0}}
{"timestamp":"2026-04-23T09:30:02.110Z","level":"SUCCESS","operation":"DEBLOCAGE_AUTOMATIQUE","data":{"ok":1,"$clusterTime":{"clusterTime":{"$timestamp":"7631884588360400924"},"signature":{"hash":"xXWDnU1xbqc+TTTVlkv1bzzUE5A=","keyId":{"low":16,"high":1763403835,"unsigned":false}}},"operationTime":{"$timestamp":"7631884588360400924"}}}
{"timestamp":"2026-04-23T10:00:00.547Z","level":"ERROR","operation":"TACHES_AUTOMATIQUES","data":{"error":"connection 50 to 89.192.9.252:27017 closed"}}
{"timestamp":"2026-04-23T10:30:00.715Z","level":"SUCCESS","operation":"CONFIRMATION_AUTOMATIQUE","data":{"confirmees":0,"total":0}}
{"timestamp":"2026-04-23T10:30:01.178Z","level":"SUCCESS","operation":"DEBLOCAGE_AUTOMATIQUE","data":{"ok":1,"$clusterTime":{"clusterTime":{"$timestamp":"7631900045947699227"},"signature":{"hash":"G4+qWQgsk1Nse9HlL2rbsGrEu7U=","keyId":{"low":16,"high":1763403835,"unsigned":false}}},"operationTime":{"$timestamp":"7631900045947699227"}}}
{"timestamp":"2026-04-23T11:00:03.959Z","level":"SUCCESS","operation":"CONFIRMATION_AUTOMATIQUE","data":{"confirmees":0,"total":0}}
{"timestamp":"2026-04-23T11:00:08.138Z","level":"SUCCESS","operation":"DEBLOCAGE_AUTOMATIQUE","data":{"ok":1,"$clusterTime":{"clusterTime":{"$timestamp":"7631907806953603184"},"signature":{"hash":"/rx1QWE5Na2GOewhvkW3jNiGoLs=","keyId":{"low":16,"high":1763403835,"unsigned":false}}},"operationTime":{"$timestamp":"7631907806953603184"}}}
{"timestamp":"2026-04-23T11:30:00.243Z","level":"ERROR","operation":"TACHES_AUTOMATIQUES","data":{"error":"connection 139 to 89.192.9.252:27017 closed"}}
{"timestamp":"2026-04-23T12:00:00.870Z","level":"SUCCESS","operation":"CONFIRMATION_AUTOMATIQUE","data":{"confirmees":0,"total":0}}
{"timestamp":"2026-04-23T12:00:01.549Z","level":"SUCCESS","operation":"DEBLOCAGE_AUTOMATIQUE","data":{"ok":1,"$clusterTime":{"clusterTime":{"$timestamp":"7631923243066064908"},"signature":{"hash":"L1aInTZ4BHw9QOVqF2GX5Osu1xU=","keyId":{"low":16,"high":1763403835,"unsigned":false}}},"operationTime":{"$timestamp":"7631923243066064908"}}}
{"timestamp":"2026-04-23T12:30:00.838Z","level":"SUCCESS","operation":"CONFIRMATION_AUTOMATIQUE","data":{"confirmees":0,"total":0}}
{"timestamp":"2026-04-23T12:30:01.395Z","level":"SUCCESS","operation":"DEBLOCAGE_AUTOMATIQUE","data":{"ok":1,"$clusterTime":{"clusterTime":{"$timestamp":"7631930974007197697"},"signature":{"hash":"29c9pjMY8uVLTQaJrjivbbS2BXA=","keyId":{"low":16,"high":1763403835,"unsigned":false}}},"operationTime":{"$timestamp":"7631930974007197697"}}}
{"timestamp":"2026-04-23T13:00:00.804Z","level":"SUCCESS","operation":"CONFIRMATION_AUTOMATIQUE","data":{"confirmees":0,"total":0}}
{"timestamp":"2026-04-23T13:00:01.299Z","level":"SUCCESS","operation":"DEBLOCAGE_AUTOMATIQUE","data":{"ok":1,"$clusterTime":{"clusterTime":{"$timestamp":"7631938700653363367"},"signature":{"hash":"LCOQ4+mcrIgc4aII5reA1TbqZ8A=","keyId":{"low":16,"high":1763403835,"unsigned":false}}},"operationTime":{"$timestamp":"7631938700653363356"}}}
{"timestamp":"2026-04-23T13:30:00.762Z","level":"SUCCESS","operation":"CONFIRMATION_AUTOMATIQUE","data":{"confirmees":0,"total":0}}
{"timestamp":"2026-04-23T13:30:01.201Z","level":"SUCCESS","operation":"DEBLOCAGE_AUTOMATIQUE","data":{"ok":1,"$clusterTime":{"clusterTime":{"$timestamp":"7631946431594496034"},"signature":{"hash":"yKir/glA1abhyINg8pzYQu1UDI8=","keyId":{"low":16,"high":1763403835,"unsigned":false}}},"operationTime":{"$timestamp":"7631946431594496034"}}}
{"timestamp":"2026-04-23T14:00:00.981Z","level":"SUCCESS","operation":"CONFIRMATION_AUTOMATIQUE","data":{"confirmees":0,"total":0}}
{"timestamp":"2026-04-23T14:00:01.482Z","level":"SUCCESS","operation":"DEBLOCAGE_AUTOMATIQUE","data":{"ok":1,"$clusterTime":{"clusterTime":{"$timestamp":"7631954166830596099"},"signature":{"hash":"l+ZuMWeMobWXGNYfxQq4YWFH2/o=","keyId":{"low":16,"high":1763403835,"unsigned":false}}},"operationTime":{"$timestamp":"7631954166830596099"}}}
{"timestamp":"2026-04-23T14:30:00.749Z","level":"SUCCESS","operation":"CONFIRMATION_AUTOMATIQUE","data":{"confirmees":0,"total":0}}
{"timestamp":"2026-04-23T14:30:01.198Z","level":"SUCCESS","operation":"DEBLOCAGE_AUTOMATIQUE","data":{"ok":1,"$clusterTime":{"clusterTime":{"$timestamp":"7631961893476761624"},"signature":{"hash":"HlccudGWAIz1sqHu1NIz4A5MK8s=","keyId":{"low":16,"high":1763403835,"unsigned":false}}},"operationTime":{"$timestamp":"7631961893476761624"}}}
{"timestamp":"2026-04-23T15:00:00.799Z","level":"SUCCESS","operation":"CONFIRMATION_AUTOMATIQUE","data":{"confirmees":0,"total":0}}
{"timestamp":"2026-04-23T15:00:01.251Z","level":"SUCCESS","operation":"DEBLOCAGE_AUTOMATIQUE","data":{"ok":1,"$clusterTime":{"clusterTime":{"$timestamp":"7631969624417894436"},"signature":{"hash":"mwSrK8FQzK309LkJhEXmnrDAg1E=","keyId":{"low":16,"high":1763403835,"unsigned":false}}},"operationTime":{"$timestamp":"7631969624417894436"}}}
{"timestamp":"2026-04-23T15:34:04.910Z","level":"SUCCESS","operation":"CONFIRMATION_AUTOMATIQUE","data":{"confirmees":0,"total":0}}
{"timestamp":"2026-04-23T15:34:05.786Z","level":"SUCCESS","operation":"DEBLOCAGE_AUTOMATIQUE","data":{"ok":1,"$clusterTime":{"clusterTime":{"$timestamp":"7631978407626014722"},"signature":{"hash":"/9wHtRbcEo/L17+L/5E+ZjEVJiE=","keyId":{"low":16,"high":1763403835,"unsigned":false}}},"operationTime":{"$timestamp":"7631978407626014722"}}}
{"timestamp":"2026-04-23T16:00:03.077Z","level":"SUCCESS","operation":"CONFIRMATION_AUTOMATIQUE","data":{"confirmees":0,"total":0}}
{"timestamp":"2026-04-23T16:00:03.504Z","level":"SUCCESS","operation":"DEBLOCAGE_AUTOMATIQUE","data":{"ok":1,"$clusterTime":{"clusterTime":{"$timestamp":"7631985099185061894"},"signature":{"hash":"FKkjA7/fv78OMq23uzskwwnPKkE=","keyId":{"low":16,"high":1763403835,"unsigned":false}}},"operationTime":{"$timestamp":"7631985099185061894"}}}
{"timestamp":"2026-04-23T16:30:00.781Z","level":"SUCCESS","operation":"CONFIRMATION_AUTOMATIQUE","data":{"confirmees":0,"total":0}}
{"timestamp":"2026-04-23T16:30:01.280Z","level":"SUCCESS","operation":"DEBLOCAGE_AUTOMATIQUE","data":{"ok":1,"$clusterTime":{"clusterTime":{"$timestamp":"7631992817241292820"},"signature":{"hash":"EYbojSDHobh7PVYTH/CoHMnGUs0=","keyId":{"low":16,"high":1763403835,"unsigned":false}}},"operationTime":{"$timestamp":"7631992817241292820"}}}
{"timestamp":"2026-04-23T17:00:00.855Z","level":"SUCCESS","operation":"CONFIRMATION_AUTOMATIQUE","data":{"confirmees":0,"total":0}}
{"timestamp":"2026-04-23T17:00:01.307Z","level":"SUCCESS","operation":"DEBLOCAGE_AUTOMATIQUE","data":{"ok":1,"$clusterTime":{"clusterTime":{"$timestamp":"7632000548182425627"},"signature":{"hash":"G2paJDcy/LhwFQEUkhRinGlpG+I=","keyId":{"low":16,"high":1763403835,"unsigned":false}}},"operationTime":{"$timestamp":"7632000548182425627"}}}
