{"timestamp":"2025-10-16T08:30:00.503Z","level":"SUCCESS","operation":"CONFIRMATION_AUTOMATIQUE","data":{"confirmees":0,"total":0}}
{"timestamp":"2025-10-16T08:30:00.981Z","level":"SUCCESS","operation":"DEBLOCAGE_AUTOMATIQUE","data":{"ok":1,"$clusterTime":{"clusterTime":{"$timestamp":"7561734024226406478"},"signature":{"hash":"t+Hv1xvYmmK6rzDl3866hf1+I4Q=","keyId":{"low":47,"high":1749144662,"unsigned":false}}},"operationTime":{"$timestamp":"7561734024226406478"}}}
{"timestamp":"2025-10-16T09:00:02.265Z","level":"SUCCESS","operation":"CONFIRMATION_AUTOMATIQUE","data":{"confirmees":0,"total":0}}
{"timestamp":"2025-10-16T09:00:02.730Z","level":"SUCCESS","operation":"DEBLOCAGE_AUTOMATIQUE","data":{"ok":1,"$clusterTime":{"clusterTime":{"$timestamp":"7561741763757473795"},"signature":{"hash":"3N2weI/pTmfyyxYHSojH5CmbxtI=","keyId":{"low":47,"high":1749144662,"unsigned":false}}},"operationTime":{"$timestamp":"7561741763757473795"}}}
{"timestamp":"2025-10-16T09:30:01.929Z","level":"SUCCESS","operation":"CONFIRMATION_AUTOMATIQUE","data":{"confirmees":0,"total":0}}
{"timestamp":"2025-10-16T09:30:02.394Z","level":"SUCCESS","operation":"DEBLOCAGE_AUTOMATIQUE","data":{"ok":1,"$clusterTime":{"clusterTime":{"$timestamp":"7561749494698606596"},"signature":{"hash":"NKBIgyqiGKbWElzd8tqN4B3Gk0M=","keyId":{"low":47,"high":1749144662,"unsigned":false}}},"operationTime":{"$timestamp":"7561749494698606596"}}}
{"timestamp":"2025-10-16T10:00:00.525Z","level":"SUCCESS","operation":"CONFIRMATION_AUTOMATIQUE","data":{"confirmees":0,"total":0}}
{"timestamp":"2025-10-16T10:00:00.964Z","level":"SUCCESS","operation":"DEBLOCAGE_AUTOMATIQUE","data":{"ok":1,"$clusterTime":{"clusterTime":{"$timestamp":"7561757217049804931"},"signature":{"hash":"hS1WWcAVzgklCEqFoakZrQPSzfU=","keyId":{"low":47,"high":1749144662,"unsigned":false}}},"operationTime":{"$timestamp":"7561757217049804931"}}}
{"timestamp":"2025-10-16T10:30:00.781Z","level":"SUCCESS","operation":"CONFIRMATION_AUTOMATIQUE","data":{"confirmees":0,"total":0}}
{"timestamp":"2025-10-16T10:30:02.563Z","level":"SUCCESS","operation":"DEBLOCAGE_AUTOMATIQUE","data":{"ok":1,"$clusterTime":{"clusterTime":{"$timestamp":"7561764956580872196"},"signature":{"hash":"7GgU2gg89sLyqTe+zuIfUO6VwRk=","keyId":{"low":47,"high":1749144662,"unsigned":false}}},"operationTime":{"$timestamp":"7561764956580872196"}}}
{"timestamp":"2025-10-16T11:00:00.506Z","level":"SUCCESS","operation":"CONFIRMATION_AUTOMATIQUE","data":{"confirmees":0,"total":0}}
{"timestamp":"2025-10-16T11:00:00.952Z","level":"SUCCESS","operation":"DEBLOCAGE_AUTOMATIQUE","data":{"ok":1,"$clusterTime":{"clusterTime":{"$timestamp":"7561772678932070549"},"signature":{"hash":"KqkH50hazJ7JgKWoXZue0Bvk/Qk=","keyId":{"low":47,"high":1749144662,"unsigned":false}}},"operationTime":{"$timestamp":"7561772678932070549"}}}
{"timestamp":"2025-10-16T11:21:42.942Z","level":"SUCCESS","operation":"SYSTEM_CHECK","data":{"message":"Test de vérification système"}}
{"timestamp":"2025-10-16T11:22:14.276Z","level":"SUCCESS","operation":"SYSTEM_CHECK","data":{"message":"Test de vérification système"}}
{"timestamp":"2025-10-16T11:30:00.494Z","level":"SUCCESS","operation":"CONFIRMATION_AUTOMATIQUE","data":{"confirmees":0,"total":0}}
{"timestamp":"2025-10-16T11:30:00.959Z","level":"SUCCESS","operation":"DEBLOCAGE_AUTOMATIQUE","data":{"ok":1,"$clusterTime":{"clusterTime":{"$timestamp":"7561780409873203276"},"signature":{"hash":"O0VynHdk5mGlZ7zupWP4bLkFaJ0=","keyId":{"low":47,"high":1749144662,"unsigned":false}}},"operationTime":{"$timestamp":"7561780409873203276"}}}
{"timestamp":"2025-10-16T12:00:02.554Z","level":"SUCCESS","operation":"CONFIRMATION_AUTOMATIQUE","data":{"confirmees":0,"total":0}}
{"timestamp":"2025-10-16T12:00:03.520Z","level":"SUCCESS","operation":"DEBLOCAGE_AUTOMATIQUE","data":{"ok":1,"$clusterTime":{"clusterTime":{"$timestamp":"7561788153699237891"},"signature":{"hash":"yrZkb9HBiApDC0wU0api1xYNPk0=","keyId":{"low":47,"high":1749144662,"unsigned":false}}},"operationTime":{"$timestamp":"7561788153699237891"}}}
{"timestamp":"2025-10-16T12:30:00.497Z","level":"SUCCESS","operation":"CONFIRMATION_AUTOMATIQUE","data":{"confirmees":0,"total":0}}
{"timestamp":"2025-10-16T12:30:00.950Z","level":"SUCCESS","operation":"DEBLOCAGE_AUTOMATIQUE","data":{"ok":1,"$clusterTime":{"clusterTime":{"$timestamp":"7561795871755468852"},"signature":{"hash":"s2rxZ8x+eE7qK/oficCN/2/oegk=","keyId":{"low":47,"high":1749144662,"unsigned":false}}},"operationTime":{"$timestamp":"7561795871755468852"}}}
{"timestamp":"2025-10-16T13:00:00.518Z","level":"SUCCESS","operation":"CONFIRMATION_AUTOMATIQUE","data":{"confirmees":0,"total":0}}
{"timestamp":"2025-10-16T13:00:00.950Z","level":"SUCCESS","operation":"DEBLOCAGE_AUTOMATIQUE","data":{"ok":1,"$clusterTime":{"clusterTime":{"$timestamp":"7561803602696601708"},"signature":{"hash":"gfQfd4qnxnrT/3ewaxQxdtZLsxo=","keyId":{"low":47,"high":1749144662,"unsigned":false}}},"operationTime":{"$timestamp":"7561803602696601708"}}}
{"timestamp":"2025-10-16T13:30:00.491Z","level":"SUCCESS","operation":"CONFIRMATION_AUTOMATIQUE","data":{"confirmees":0,"total":0}}
{"timestamp":"2025-10-16T13:30:00.940Z","level":"SUCCESS","operation":"DEBLOCAGE_AUTOMATIQUE","data":{"ok":1,"$clusterTime":{"clusterTime":{"$timestamp":"7561811333637734457"},"signature":{"hash":"ebrzb3Cb7FD54tS2YF2FZYkXcv4=","keyId":{"low":47,"high":1749144662,"unsigned":false}}},"operationTime":{"$timestamp":"7561811333637734457"}}}
{"timestamp":"2025-10-16T14:00:01.184Z","level":"SUCCESS","operation":"CONFIRMATION_AUTOMATIQUE","data":{"confirmees":0,"total":0}}
{"timestamp":"2025-10-16T14:00:01.715Z","level":"SUCCESS","operation":"DEBLOCAGE_AUTOMATIQUE","data":{"ok":1,"$clusterTime":{"clusterTime":{"$timestamp":"7561819068873834506"},"signature":{"hash":"FnVAxAkM4FFpXGOc+fxBIWBlOH4=","keyId":{"low":47,"high":1749144662,"unsigned":false}}},"operationTime":{"$timestamp":"7561819068873834506"}}}
{"timestamp":"2025-10-16T15:00:02.255Z","level":"SUCCESS","operation":"CONFIRMATION_AUTOMATIQUE","data":{"confirmees":0,"total":0}}
{"timestamp":"2025-10-16T15:00:02.791Z","level":"SUCCESS","operation":"DEBLOCAGE_AUTOMATIQUE","data":{"ok":1,"$clusterTime":{"clusterTime":{"$timestamp":"7561834535051067413"},"signature":{"hash":"QICcSuAosMxofNSvYLQ4fh5A77w=","keyId":{"low":47,"high":1749144662,"unsigned":false}}},"operationTime":{"$timestamp":"7561834535051067413"}}}
{"timestamp":"2025-10-16T15:34:52.969Z","level":"SUCCESS","operation":"CONFIRMATION_AUTOMATIQUE","data":{"confirmees":0,"total":0}}
{"timestamp":"2025-10-16T15:34:53.276Z","level":"SUCCESS","operation":"DEBLOCAGE_AUTOMATIQUE","data":{"ok":1,"$clusterTime":{"clusterTime":{"$timestamp":"7561843511532716056"},"signature":{"hash":"Lms5gWC9a/Ky0ZcqavOFH9WB3K4=","keyId":{"low":47,"high":1749144662,"unsigned":false}}},"operationTime":{"$timestamp":"7561843511532716056"}}}
