{"timestamp":"2025-09-04T00:00:00.552Z","level":"SUCCESS","operation":"CONFIRMATION_AUTOMATIQUE","data":{"confirmees":0,"total":0}}
{"timestamp":"2025-09-04T00:00:01.165Z","level":"SUCCESS","operation":"DEBLOCAGE_AUTOMATIQUE","data":{"ok":1,"$clusterTime":{"clusterTime":{"$timestamp":"7546017020903424004"},"signature":{"hash":"+hydEWLVL6B/d0xm1ScwWWqcRCI=","keyId":{"low":7,"high":1744141991,"unsigned":false}}},"operationTime":{"$timestamp":"7546017020903424004"}}}
{"timestamp":"2025-09-04T11:30:00.423Z","level":"SUCCESS","operation":"CONFIRMATION_AUTOMATIQUE","data":{"confirmees":0,"total":0}}
{"timestamp":"2025-09-04T11:30:00.820Z","level":"SUCCESS","operation":"DEBLOCAGE_AUTOMATIQUE","data":{"ok":1,"$clusterTime":{"clusterTime":{"$timestamp":"7546194828254511107"},"signature":{"hash":"LBjeLipe6BJA5IqS5JGM4vV2toE=","keyId":{"low":7,"high":1744141991,"unsigned":false}}},"operationTime":{"$timestamp":"7546194828254511107"}}}
{"timestamp":"2025-09-04T12:00:00.538Z","level":"SUCCESS","operation":"CONFIRMATION_AUTOMATIQUE","data":{"confirmees":0,"total":0}}
{"timestamp":"2025-09-04T12:00:01.032Z","level":"SUCCESS","operation":"DEBLOCAGE_AUTOMATIQUE","data":{"ok":1,"$clusterTime":{"clusterTime":{"$timestamp":"7546202559195643909"},"signature":{"hash":"OfV7GfuLWub2b4leqCw99j7dMKw=","keyId":{"low":7,"high":1744141991,"unsigned":false}}},"operationTime":{"$timestamp":"7546202559195643909"}}}
{"timestamp":"2025-09-04T12:30:00.431Z","level":"SUCCESS","operation":"CONFIRMATION_AUTOMATIQUE","data":{"confirmees":0,"total":0}}
{"timestamp":"2025-09-04T12:30:00.825Z","level":"SUCCESS","operation":"DEBLOCAGE_AUTOMATIQUE","data":{"ok":1,"$clusterTime":{"clusterTime":{"$timestamp":"7546210285841809433"},"signature":{"hash":"mluDSWWbUFHqH9UuZQiZsax797g=","keyId":{"low":7,"high":1744141991,"unsigned":false}}},"operationTime":{"$timestamp":"7546210285841809433"}}}
{"timestamp":"2025-09-04T13:00:00.430Z","level":"SUCCESS","operation":"CONFIRMATION_AUTOMATIQUE","data":{"confirmees":0,"total":0}}
{"timestamp":"2025-09-04T13:00:00.830Z","level":"SUCCESS","operation":"DEBLOCAGE_AUTOMATIQUE","data":{"ok":1,"$clusterTime":{"clusterTime":{"$timestamp":"7546218016782942224"},"signature":{"hash":"jSlkgeDd4LAuVP7oinjrHihfkeA=","keyId":{"low":7,"high":1744141991,"unsigned":false}}},"operationTime":{"$timestamp":"7546218016782942224"}}}
{"timestamp":"2025-09-04T13:30:00.434Z","level":"SUCCESS","operation":"CONFIRMATION_AUTOMATIQUE","data":{"confirmees":0,"total":0}}
{"timestamp":"2025-09-04T13:30:00.861Z","level":"SUCCESS","operation":"DEBLOCAGE_AUTOMATIQUE","data":{"ok":1,"$clusterTime":{"clusterTime":{"$timestamp":"7546225752019042305"},"signature":{"hash":"+HVN091hjbyWXko3JOGuUCWW9Uw=","keyId":{"low":7,"high":1744141991,"unsigned":false}}},"operationTime":{"$timestamp":"7546225752019042305"}}}
{"timestamp":"2025-09-04T14:00:00.434Z","level":"SUCCESS","operation":"CONFIRMATION_AUTOMATIQUE","data":{"confirmees":0,"total":0}}
{"timestamp":"2025-09-04T14:00:00.855Z","level":"SUCCESS","operation":"DEBLOCAGE_AUTOMATIQUE","data":{"ok":1,"$clusterTime":{"clusterTime":{"$timestamp":"7546233478665207832"},"signature":{"hash":"PdSEUbcUhP0c79Cv42BQXHVF1Ak=","keyId":{"low":7,"high":1744141991,"unsigned":false}}},"operationTime":{"$timestamp":"7546233478665207832"}}}
{"timestamp":"2025-09-04T14:30:00.452Z","level":"SUCCESS","operation":"CONFIRMATION_AUTOMATIQUE","data":{"confirmees":0,"total":0}}
{"timestamp":"2025-09-04T14:30:00.867Z","level":"SUCCESS","operation":"DEBLOCAGE_AUTOMATIQUE","data":{"ok":1,"$clusterTime":{"clusterTime":{"$timestamp":"7546241209606340623"},"signature":{"hash":"32ulI43QShLRWoHZ38p6ef40m5A=","keyId":{"low":7,"high":1744141991,"unsigned":false}}},"operationTime":{"$timestamp":"7546241209606340623"}}}
{"timestamp":"2025-09-04T15:00:03.210Z","level":"SUCCESS","operation":"CONFIRMATION_AUTOMATIQUE","data":{"confirmees":0,"total":0}}
{"timestamp":"2025-09-04T15:00:03.779Z","level":"SUCCESS","operation":"DEBLOCAGE_AUTOMATIQUE","data":{"ok":1,"$clusterTime":{"clusterTime":{"$timestamp":"7546248953432375317"},"signature":{"hash":"JgQ+V7eJ6vrH8F7LgBCO6fQNF3g=","keyId":{"low":7,"high":1744141991,"unsigned":false}}},"operationTime":{"$timestamp":"7546248953432375317"}}}
{"timestamp":"2025-09-04T16:00:00.436Z","level":"SUCCESS","operation":"CONFIRMATION_AUTOMATIQUE","data":{"confirmees":0,"total":0}}
{"timestamp":"2025-09-04T16:00:00.886Z","level":"SUCCESS","operation":"DEBLOCAGE_AUTOMATIQUE","data":{"ok":1,"$clusterTime":{"clusterTime":{"$timestamp":"7546264402429739024"},"signature":{"hash":"esEFPE1GCo0AFaBya7fx1s9dVBc=","keyId":{"low":7,"high":1744141991,"unsigned":false}}},"operationTime":{"$timestamp":"7546264402429739023"}}}
{"timestamp":"2025-09-04T16:30:00.468Z","level":"SUCCESS","operation":"CONFIRMATION_AUTOMATIQUE","data":{"confirmees":0,"total":0}}
{"timestamp":"2025-09-04T16:30:00.936Z","level":"SUCCESS","operation":"DEBLOCAGE_AUTOMATIQUE","data":{"ok":1,"$clusterTime":{"clusterTime":{"$timestamp":"7546272133370871826"},"signature":{"hash":"or0mWF/PWixQS9Tx5dNGbu//Kgs=","keyId":{"low":7,"high":1744141991,"unsigned":false}}},"operationTime":{"$timestamp":"7546272133370871826"}}}
{"timestamp":"2025-09-04T17:00:00.427Z","level":"SUCCESS","operation":"CONFIRMATION_AUTOMATIQUE","data":{"confirmees":0,"total":0}}
{"timestamp":"2025-09-04T17:00:00.854Z","level":"SUCCESS","operation":"DEBLOCAGE_AUTOMATIQUE","data":{"ok":1,"$clusterTime":{"clusterTime":{"$timestamp":"7546279872901939221"},"signature":{"hash":"DXhNmRWCIfaEXcti0BWnYWj/TRM=","keyId":{"low":7,"high":1744141991,"unsigned":false}}},"operationTime":{"$timestamp":"7546279872901939221"}}}
{"timestamp":"2025-09-04T17:30:00.429Z","level":"SUCCESS","operation":"CONFIRMATION_AUTOMATIQUE","data":{"confirmees":0,"total":0}}
{"timestamp":"2025-09-04T17:30:00.854Z","level":"SUCCESS","operation":"DEBLOCAGE_AUTOMATIQUE","data":{"ok":1,"$clusterTime":{"clusterTime":{"$timestamp":"7546287603843072017"},"signature":{"hash":"FukAq4ikyQeteBs6TMPJbVqoVGM=","keyId":{"low":7,"high":1744141991,"unsigned":false}}},"operationTime":{"$timestamp":"7546287603843072017"}}}
{"timestamp":"2025-09-04T18:00:00.478Z","level":"SUCCESS","operation":"CONFIRMATION_AUTOMATIQUE","data":{"confirmees":0,"total":0}}
{"timestamp":"2025-09-04T18:00:00.956Z","level":"SUCCESS","operation":"DEBLOCAGE_AUTOMATIQUE","data":{"ok":1,"$clusterTime":{"clusterTime":{"$timestamp":"7546295334784205168"},"signature":{"hash":"JREikfDaGZxfpiJW9hstcZwiEaU=","keyId":{"low":7,"high":1744141991,"unsigned":false}}},"operationTime":{"$timestamp":"7546295334784205167"}}}
{"timestamp":"2025-09-04T19:00:00.600Z","level":"SUCCESS","operation":"CONFIRMATION_AUTOMATIQUE","data":{"confirmees":0,"total":0}}
{"timestamp":"2025-09-04T19:00:01.154Z","level":"SUCCESS","operation":"DEBLOCAGE_AUTOMATIQUE","data":{"ok":1,"$clusterTime":{"clusterTime":{"$timestamp":"7546310796666470423"},"signature":{"hash":"V784fmQnkiI/4SqgPOliPO6SLTQ=","keyId":{"low":7,"high":1744141991,"unsigned":false}}},"operationTime":{"$timestamp":"7546310796666470423"}}}
{"timestamp":"2025-09-04T19:30:00.614Z","level":"SUCCESS","operation":"CONFIRMATION_AUTOMATIQUE","data":{"confirmees":0,"total":0}}
{"timestamp":"2025-09-04T19:30:01.221Z","level":"SUCCESS","operation":"DEBLOCAGE_AUTOMATIQUE","data":{"ok":1,"$clusterTime":{"clusterTime":{"$timestamp":"7546318527607603218"},"signature":{"hash":"ZfV+t8x1TbS0YfZR+Z4r/gy9hF8=","keyId":{"low":7,"high":1744141991,"unsigned":false}}},"operationTime":{"$timestamp":"7546318527607603218"}}}
{"timestamp":"2025-09-04T20:00:01.618Z","level":"SUCCESS","operation":"CONFIRMATION_AUTOMATIQUE","data":{"confirmees":0,"total":0}}
{"timestamp":"2025-09-04T20:00:02.170Z","level":"SUCCESS","operation":"DEBLOCAGE_AUTOMATIQUE","data":{"ok":1,"$clusterTime":{"clusterTime":{"$timestamp":"7546326262843703312"},"signature":{"hash":"12xSX++5/w0NSQ8wpLbjPSeMEpA=","keyId":{"low":7,"high":1744141991,"unsigned":false}}},"operationTime":{"$timestamp":"7546326262843703312"}}}
