{"timestamp":"2025-09-26T09:30:00.479Z","level":"SUCCESS","operation":"CONFIRMATION_AUTOMATIQUE","data":{"confirmees":0,"total":0}}
{"timestamp":"2025-09-26T09:30:00.916Z","level":"SUCCESS","operation":"DEBLOCAGE_AUTOMATIQUE","data":{"ok":1,"$clusterTime":{"clusterTime":{"$timestamp":"7554327782621184025"},"signature":{"hash":"Shxjz09twcvblJHF2/u4FnzRIkw=","keyId":{"low":7,"high":1744141991,"unsigned":false}}},"operationTime":{"$timestamp":"7554327782621184025"}}}
{"timestamp":"2025-09-26T10:00:02.051Z","level":"SUCCESS","operation":"CONFIRMATION_AUTOMATIQUE","data":{"confirmees":0,"total":0}}
{"timestamp":"2025-09-26T10:00:02.477Z","level":"SUCCESS","operation":"DEBLOCAGE_AUTOMATIQUE","data":{"ok":1,"$clusterTime":{"clusterTime":{"$timestamp":"7554335522152251400"},"signature":{"hash":"58y0Tkewiyg7DWOPtznaXi8KVJQ=","keyId":{"low":7,"high":1744141991,"unsigned":false}}},"operationTime":{"$timestamp":"7554335522152251400"}}}
{"timestamp":"2025-09-26T10:30:23.162Z","level":"ERROR","operation":"TACHES_AUTOMATIQUES","data":{"error":"connection 2 to 89.192.46.71:27017 closed"}}
{"timestamp":"2025-09-26T11:00:00.552Z","level":"SUCCESS","operation":"CONFIRMATION_AUTOMATIQUE","data":{"confirmees":0,"total":0}}
{"timestamp":"2025-09-26T11:00:01.061Z","level":"SUCCESS","operation":"DEBLOCAGE_AUTOMATIQUE","data":{"ok":1,"$clusterTime":{"clusterTime":{"$timestamp":"7554350975444582424"},"signature":{"hash":"s6fStqe4e5KOhV8FI/ktoDSNen8=","keyId":{"low":7,"high":1744141991,"unsigned":false}}},"operationTime":{"$timestamp":"7554350975444582424"}}}
{"timestamp":"2025-09-26T11:30:00.560Z","level":"SUCCESS","operation":"CONFIRMATION_AUTOMATIQUE","data":{"confirmees":0,"total":0}}
{"timestamp":"2025-09-26T11:30:01.073Z","level":"SUCCESS","operation":"DEBLOCAGE_AUTOMATIQUE","data":{"ok":1,"$clusterTime":{"clusterTime":{"$timestamp":"7554358706385715219"},"signature":{"hash":"XkTuTWDbvAjvmZkGSt6XKKsRBao=","keyId":{"low":7,"high":1744141991,"unsigned":false}}},"operationTime":{"$timestamp":"7554358706385715219"}}}
{"timestamp":"2025-09-26T12:00:00.472Z","level":"SUCCESS","operation":"CONFIRMATION_AUTOMATIQUE","data":{"confirmees":0,"total":0}}
{"timestamp":"2025-09-26T12:00:00.882Z","level":"SUCCESS","operation":"DEBLOCAGE_AUTOMATIQUE","data":{"ok":1,"$clusterTime":{"clusterTime":{"$timestamp":"7554366437326848376"},"signature":{"hash":"3YdzOZShRHWZpyRKGJZLH3TcHpo=","keyId":{"low":7,"high":1744141991,"unsigned":false}}},"operationTime":{"$timestamp":"7554366437326848372"}}}
{"timestamp":"2025-09-26T12:30:02.314Z","level":"SUCCESS","operation":"CONFIRMATION_AUTOMATIQUE","data":{"confirmees":0,"total":0}}
{"timestamp":"2025-09-26T12:30:02.739Z","level":"SUCCESS","operation":"DEBLOCAGE_AUTOMATIQUE","data":{"ok":1,"$clusterTime":{"clusterTime":{"$timestamp":"7554374176857915402"},"signature":{"hash":"Ul19V1LjFkOfR09uh5xJ0NYeHhg=","keyId":{"low":7,"high":1744141991,"unsigned":false}}},"operationTime":{"$timestamp":"7554374176857915402"}}}
{"timestamp":"2025-09-26T13:00:00.530Z","level":"SUCCESS","operation":"CONFIRMATION_AUTOMATIQUE","data":{"confirmees":0,"total":0}}
{"timestamp":"2025-09-26T13:00:01.045Z","level":"SUCCESS","operation":"DEBLOCAGE_AUTOMATIQUE","data":{"ok":1,"$clusterTime":{"clusterTime":{"$timestamp":"7554381899209113621"},"signature":{"hash":"jY/ps1WdpKlo8ORVns9ja7LoW9M=","keyId":{"low":7,"high":1744141991,"unsigned":false}}},"operationTime":{"$timestamp":"7554381899209113621"}}}
{"timestamp":"2025-09-26T13:30:00.462Z","level":"SUCCESS","operation":"CONFIRMATION_AUTOMATIQUE","data":{"confirmees":0,"total":0}}
{"timestamp":"2025-09-26T13:30:00.955Z","level":"SUCCESS","operation":"DEBLOCAGE_AUTOMATIQUE","data":{"ok":1,"$clusterTime":{"clusterTime":{"$timestamp":"7554389630150246415"},"signature":{"hash":"6bxrOTebSaWjUzDELIxkfZZ1fcE=","keyId":{"low":7,"high":1744141991,"unsigned":false}}},"operationTime":{"$timestamp":"7554389630150246415"}}}
{"timestamp":"2025-09-26T14:00:00.641Z","level":"SUCCESS","operation":"CONFIRMATION_AUTOMATIQUE","data":{"confirmees":0,"total":0}}
{"timestamp":"2025-09-26T14:00:01.259Z","level":"SUCCESS","operation":"DEBLOCAGE_AUTOMATIQUE","data":{"ok":1,"$clusterTime":{"clusterTime":{"$timestamp":"7554397361091379216"},"signature":{"hash":"/Ax2csw5AlEI8esx5jx8fwUoGFA=","keyId":{"low":7,"high":1744141991,"unsigned":false}}},"operationTime":{"$timestamp":"7554397361091379214"}}}
{"timestamp":"2025-09-26T14:30:00.486Z","level":"SUCCESS","operation":"CONFIRMATION_AUTOMATIQUE","data":{"confirmees":0,"total":0}}
{"timestamp":"2025-09-26T14:30:00.984Z","level":"SUCCESS","operation":"DEBLOCAGE_AUTOMATIQUE","data":{"ok":1,"$clusterTime":{"clusterTime":{"$timestamp":"7554405092032512016"},"signature":{"hash":"ldZNSakmEI6m3QfxQL7sXPphucY=","keyId":{"low":7,"high":1744141991,"unsigned":false}}},"operationTime":{"$timestamp":"7554405092032512016"}}}
{"timestamp":"2025-09-26T15:00:00.543Z","level":"SUCCESS","operation":"CONFIRMATION_AUTOMATIQUE","data":{"confirmees":0,"total":0}}
{"timestamp":"2025-09-26T15:00:01.037Z","level":"SUCCESS","operation":"DEBLOCAGE_AUTOMATIQUE","data":{"ok":1,"$clusterTime":{"clusterTime":{"$timestamp":"7554412822973644809"},"signature":{"hash":"2NawnkUmsN0bs+T4gMXyVZhSnFw=","keyId":{"low":7,"high":1744141991,"unsigned":false}}},"operationTime":{"$timestamp":"7554412822973644809"}}}
{"timestamp":"2025-09-26T15:30:02.107Z","level":"SUCCESS","operation":"CONFIRMATION_AUTOMATIQUE","data":{"confirmees":0,"total":0}}
{"timestamp":"2025-09-26T15:30:02.602Z","level":"SUCCESS","operation":"DEBLOCAGE_AUTOMATIQUE","data":{"ok":1,"$clusterTime":{"clusterTime":{"$timestamp":"7554420562504712194"},"signature":{"hash":"FXJy/O99FWrVP4Uh5YQm+Y6lJPk=","keyId":{"low":7,"high":1744141991,"unsigned":false}}},"operationTime":{"$timestamp":"7554420562504712194"}}}
{"timestamp":"2025-09-26T16:00:00.629Z","level":"SUCCESS","operation":"CONFIRMATION_AUTOMATIQUE","data":{"confirmees":0,"total":0}}
{"timestamp":"2025-09-26T16:00:01.137Z","level":"SUCCESS","operation":"DEBLOCAGE_AUTOMATIQUE","data":{"ok":1,"$clusterTime":{"clusterTime":{"$timestamp":"7554428284855910415"},"signature":{"hash":"Nf5OcUH1y3goOEmz4j1YM3KjaJ0=","keyId":{"low":7,"high":1744141991,"unsigned":false}}},"operationTime":{"$timestamp":"7554428284855910415"}}}
{"timestamp":"2025-09-26T16:30:00.489Z","level":"SUCCESS","operation":"CONFIRMATION_AUTOMATIQUE","data":{"confirmees":0,"total":0}}
{"timestamp":"2025-09-26T16:30:00.981Z","level":"SUCCESS","operation":"DEBLOCAGE_AUTOMATIQUE","data":{"ok":1,"$clusterTime":{"clusterTime":{"$timestamp":"7554436015797043208"},"signature":{"hash":"mwbuLnJJhhFCaTGzKK4fUVq0oZ8=","keyId":{"low":7,"high":1744141991,"unsigned":false}}},"operationTime":{"$timestamp":"7554436015797043208"}}}
{"timestamp":"2025-09-26T17:00:00.624Z","level":"SUCCESS","operation":"CONFIRMATION_AUTOMATIQUE","data":{"confirmees":0,"total":0}}
{"timestamp":"2025-09-26T17:00:01.152Z","level":"SUCCESS","operation":"DEBLOCAGE_AUTOMATIQUE","data":{"ok":1,"$clusterTime":{"clusterTime":{"$timestamp":"7554443746738176013"},"signature":{"hash":"R+XJvcGRtnW4ML8US9OjgRVtp/8=","keyId":{"low":7,"high":1744141991,"unsigned":false}}},"operationTime":{"$timestamp":"7554443746738176013"}}}
{"timestamp":"2025-09-26T17:30:00.479Z","level":"SUCCESS","operation":"CONFIRMATION_AUTOMATIQUE","data":{"confirmees":0,"total":0}}
{"timestamp":"2025-09-26T17:30:00.895Z","level":"SUCCESS","operation":"DEBLOCAGE_AUTOMATIQUE","data":{"ok":1,"$clusterTime":{"clusterTime":{"$timestamp":"7554451477679308807"},"signature":{"hash":"/cA8q2/LNexYGvZvESKeMK+ydV8=","keyId":{"low":7,"high":1744141991,"unsigned":false}}},"operationTime":{"$timestamp":"7554451477679308807"}}}
{"timestamp":"2025-09-26T18:00:00.529Z","level":"SUCCESS","operation":"CONFIRMATION_AUTOMATIQUE","data":{"confirmees":0,"total":0}}
{"timestamp":"2025-09-26T18:00:01.028Z","level":"SUCCESS","operation":"DEBLOCAGE_AUTOMATIQUE","data":{"ok":1,"$clusterTime":{"clusterTime":{"$timestamp":"7554459208620441788"},"signature":{"hash":"tFUObtrMB3as41hdQEd51+sSkCk=","keyId":{"low":7,"high":1744141991,"unsigned":false}}},"operationTime":{"$timestamp":"7554459208620441788"}}}
{"timestamp":"2025-09-26T18:30:00.523Z","level":"SUCCESS","operation":"CONFIRMATION_AUTOMATIQUE","data":{"confirmees":0,"total":0}}
{"timestamp":"2025-09-26T18:30:01.049Z","level":"SUCCESS","operation":"DEBLOCAGE_AUTOMATIQUE","data":{"ok":1,"$clusterTime":{"clusterTime":{"$timestamp":"7554466939561574412"},"signature":{"hash":"/0PjY+5O4r1ZwWeDD1+ruDYB4Xo=","keyId":{"low":7,"high":1744141991,"unsigned":false}}},"operationTime":{"$timestamp":"7554466939561574412"}}}
{"timestamp":"2025-09-26T19:00:00.716Z","level":"SUCCESS","operation":"CONFIRMATION_AUTOMATIQUE","data":{"confirmees":0,"total":0}}
{"timestamp":"2025-09-26T19:00:01.212Z","level":"SUCCESS","operation":"DEBLOCAGE_AUTOMATIQUE","data":{"ok":1,"$clusterTime":{"clusterTime":{"$timestamp":"7554474670502707220"},"signature":{"hash":"fWbPlsGVlgsCPGrnXB4qwVle+4U=","keyId":{"low":7,"high":1744141991,"unsigned":false}}},"operationTime":{"$timestamp":"7554474670502707220"}}}
{"timestamp":"2025-09-26T19:30:00.531Z","level":"SUCCESS","operation":"CONFIRMATION_AUTOMATIQUE","data":{"confirmees":0,"total":0}}
{"timestamp":"2025-09-26T19:30:00.957Z","level":"SUCCESS","operation":"DEBLOCAGE_AUTOMATIQUE","data":{"ok":1,"$clusterTime":{"clusterTime":{"$timestamp":"7554482401443840017"},"signature":{"hash":"rJ3xnHAwa6J/zfhopECkhLhpCjs=","keyId":{"low":7,"high":1744141991,"unsigned":false}}},"operationTime":{"$timestamp":"7554482401443840017"}}}
