{"timestamp":"2025-09-01T04:39:45.881Z","level":"ERROR","operation":"NETTOYAGE_AUTOMATIQUE","data":{"error":"getaddrinfo ENOTFOUND ac-bpgz2bc-shard-00-02.mvrgous.mongodb.net"}}
{"timestamp":"2025-09-01T04:39:45.952Z","level":"ERROR","operation":"TACHES_AUTOMATIQUES","data":{"error":"getaddrinfo ENOTFOUND ac-bpgz2bc-shard-00-02.mvrgous.mongodb.net"}}
{"timestamp":"2025-09-01T08:34:36.352Z","level":"ERROR","operation":"TACHES_AUTOMATIQUES","data":{"error":"Could not connect to any servers in your MongoDB Atlas cluster. One common reason is that you're trying to access the database from an IP that isn't whitelisted. Make sure your current IP address is on your Atlas cluster's IP whitelist: https://www.mongodb.com/docs/atlas/security-whitelist/"}}
{"timestamp":"2025-09-01T10:30:00.432Z","level":"SUCCESS","operation":"CONFIRMATION_AUTOMATIQUE","data":{"confirmees":0,"total":0}}
{"timestamp":"2025-09-01T10:30:00.822Z","level":"SUCCESS","operation":"DEBLOCAGE_AUTOMATIQUE","data":{"ok":1,"$clusterTime":{"clusterTime":{"$timestamp":"7545066115144089622"},"signature":{"hash":"zrsMgl+YpoPXfKMSmof7ZhwTz84=","keyId":{"low":7,"high":1744141991,"unsigned":false}}},"operationTime":{"$timestamp":"7545066115144089622"}}}
{"timestamp":"2025-09-01T11:00:00.453Z","level":"SUCCESS","operation":"CONFIRMATION_AUTOMATIQUE","data":{"confirmees":0,"total":0}}
{"timestamp":"2025-09-01T11:00:00.866Z","level":"SUCCESS","operation":"DEBLOCAGE_AUTOMATIQUE","data":{"ok":1,"$clusterTime":{"clusterTime":{"$timestamp":"7545073846085222429"},"signature":{"hash":"vRr7i3cUNyTMMQN7DMuwjBPeaQo=","keyId":{"low":7,"high":1744141991,"unsigned":false}}},"operationTime":{"$timestamp":"7545073846085222428"}}}
{"timestamp":"2025-09-01T11:30:00.437Z","level":"SUCCESS","operation":"CONFIRMATION_AUTOMATIQUE","data":{"confirmees":0,"total":0}}
{"timestamp":"2025-09-01T11:30:00.847Z","level":"SUCCESS","operation":"DEBLOCAGE_AUTOMATIQUE","data":{"ok":1,"$clusterTime":{"clusterTime":{"$timestamp":"7545081577026355227"},"signature":{"hash":"dDenL4VXOOopXkfS4y5IxZqozjQ=","keyId":{"low":7,"high":1744141991,"unsigned":false}}},"operationTime":{"$timestamp":"7545081577026355227"}}}
{"timestamp":"2025-09-01T12:00:00.468Z","level":"SUCCESS","operation":"CONFIRMATION_AUTOMATIQUE","data":{"confirmees":0,"total":0}}
{"timestamp":"2025-09-01T12:00:00.886Z","level":"SUCCESS","operation":"DEBLOCAGE_AUTOMATIQUE","data":{"ok":1,"$clusterTime":{"clusterTime":{"$timestamp":"7545089307967488457"},"signature":{"hash":"8kHsksm4/LU6V/PIzgtHkBip+QA=","keyId":{"low":7,"high":1744141991,"unsigned":false}}},"operationTime":{"$timestamp":"7545089307967488457"}}}
{"timestamp":"2025-09-01T12:30:00.501Z","level":"SUCCESS","operation":"CONFIRMATION_AUTOMATIQUE","data":{"confirmees":0,"total":0}}
{"timestamp":"2025-09-01T12:30:00.921Z","level":"SUCCESS","operation":"DEBLOCAGE_AUTOMATIQUE","data":{"ok":1,"$clusterTime":{"clusterTime":{"$timestamp":"7545097038908620824"},"signature":{"hash":"btCT4HnYxSkZ9VRcPoPvaPl6Yn0=","keyId":{"low":7,"high":1744141991,"unsigned":false}}},"operationTime":{"$timestamp":"7545097038908620823"}}}
{"timestamp":"2025-09-01T13:00:00.448Z","level":"SUCCESS","operation":"CONFIRMATION_AUTOMATIQUE","data":{"confirmees":0,"total":0}}
{"timestamp":"2025-09-01T13:00:00.869Z","level":"SUCCESS","operation":"DEBLOCAGE_AUTOMATIQUE","data":{"ok":1,"$clusterTime":{"clusterTime":{"$timestamp":"7545104769849753629"},"signature":{"hash":"DHCpTuJdYL7F1Esmyl5ksaiP1fc=","keyId":{"low":7,"high":1744141991,"unsigned":false}}},"operationTime":{"$timestamp":"7545104769849753629"}}}
{"timestamp":"2025-09-01T13:30:00.770Z","level":"SUCCESS","operation":"CONFIRMATION_AUTOMATIQUE","data":{"confirmees":0,"total":0}}
{"timestamp":"2025-09-01T13:30:01.184Z","level":"SUCCESS","operation":"DEBLOCAGE_AUTOMATIQUE","data":{"ok":1,"$clusterTime":{"clusterTime":{"$timestamp":"7545112505085853701"},"signature":{"hash":"v+VJ8iYqxj7V6PzP8v4PXwXbrys=","keyId":{"low":7,"high":1744141991,"unsigned":false}}},"operationTime":{"$timestamp":"7545112505085853701"}}}
{"timestamp":"2025-09-01T14:00:02.868Z","level":"SUCCESS","operation":"CONFIRMATION_AUTOMATIQUE","data":{"confirmees":0,"total":0}}
{"timestamp":"2025-09-01T14:00:03.397Z","level":"SUCCESS","operation":"DEBLOCAGE_AUTOMATIQUE","data":{"ok":1,"$clusterTime":{"clusterTime":{"$timestamp":"7545120244616921095"},"signature":{"hash":"mX3FsO6k68G3CmfEW5uhApp04w8=","keyId":{"low":7,"high":1744141991,"unsigned":false}}},"operationTime":{"$timestamp":"7545120244616921095"}}}
{"timestamp":"2025-09-01T14:30:00.464Z","level":"SUCCESS","operation":"CONFIRMATION_AUTOMATIQUE","data":{"confirmees":0,"total":0}}
{"timestamp":"2025-09-01T14:30:00.898Z","level":"SUCCESS","operation":"DEBLOCAGE_AUTOMATIQUE","data":{"ok":1,"$clusterTime":{"clusterTime":{"$timestamp":"7545127962673152021"},"signature":{"hash":"Mn6drGLfeGV9plzlpabcIUrg2YQ=","keyId":{"low":7,"high":1744141991,"unsigned":false}}},"operationTime":{"$timestamp":"7545127962673152021"}}}
{"timestamp":"2025-09-01T15:00:30.053Z","level":"ERROR","operation":"TACHES_AUTOMATIQUES","data":{"error":"Could not connect to any servers in your MongoDB Atlas cluster. One common reason is that you're trying to access the database from an IP that isn't whitelisted. Make sure your current IP address is on your Atlas cluster's IP whitelist: https://www.mongodb.com/docs/atlas/security-whitelist/"}}
{"timestamp":"2025-09-01T15:30:02.289Z","level":"SUCCESS","operation":"CONFIRMATION_AUTOMATIQUE","data":{"confirmees":0,"total":0}}
{"timestamp":"2025-09-01T15:30:02.715Z","level":"SUCCESS","operation":"DEBLOCAGE_AUTOMATIQUE","data":{"ok":1,"$clusterTime":{"clusterTime":{"$timestamp":"7545143433145352201"},"signature":{"hash":"tMmhPCsHOE2+m6o33e6IW9UxUeY=","keyId":{"low":7,"high":1744141991,"unsigned":false}}},"operationTime":{"$timestamp":"7545143433145352201"}}}
{"timestamp":"2025-09-01T16:00:00.410Z","level":"SUCCESS","operation":"CONFIRMATION_AUTOMATIQUE","data":{"confirmees":0,"total":0}}
{"timestamp":"2025-09-01T16:00:00.820Z","level":"SUCCESS","operation":"DEBLOCAGE_AUTOMATIQUE","data":{"ok":1,"$clusterTime":{"clusterTime":{"$timestamp":"7545151155496550421"},"signature":{"hash":"6dreuaq6KSVjEwGOXjOIelM1FwA=","keyId":{"low":7,"high":1744141991,"unsigned":false}}},"operationTime":{"$timestamp":"7545151155496550421"}}}
{"timestamp":"2025-09-01T16:30:00.400Z","level":"SUCCESS","operation":"CONFIRMATION_AUTOMATIQUE","data":{"confirmees":0,"total":0}}
{"timestamp":"2025-09-01T16:30:00.802Z","level":"SUCCESS","operation":"DEBLOCAGE_AUTOMATIQUE","data":{"ok":1,"$clusterTime":{"clusterTime":{"$timestamp":"7545158886437683224"},"signature":{"hash":"iLD4BTtbzbkvYcC75eQK8oYjaXg=","keyId":{"low":7,"high":1744141991,"unsigned":false}}},"operationTime":{"$timestamp":"7545158886437683224"}}}
