{"timestamp":"2026-05-02T09:30:00.692Z","level":"SUCCESS","operation":"CONFIRMATION_AUTOMATIQUE","data":{"confirmees":0,"total":0}}
{"timestamp":"2026-05-02T09:30:01.137Z","level":"SUCCESS","operation":"DEBLOCAGE_AUTOMATIQUE","data":{"ok":1,"$clusterTime":{"clusterTime":{"$timestamp":"7635224354929770497"},"signature":{"hash":"AuJ1PrdKvlalU1NU3JoltSyCKEw=","keyId":{"low":16,"high":1763403835,"unsigned":false}}},"operationTime":{"$timestamp":"7635224354929770497"}}}
{"timestamp":"2026-05-02T10:00:01.170Z","level":"SUCCESS","operation":"CONFIRMATION_AUTOMATIQUE","data":{"confirmees":0,"total":0}}
{"timestamp":"2026-05-02T10:00:01.997Z","level":"SUCCESS","operation":"DEBLOCAGE_AUTOMATIQUE","data":{"ok":1,"$clusterTime":{"clusterTime":{"$timestamp":"7635232085870903743"},"signature":{"hash":"7GpQR7Mu/hPbxBrXEmGtF8/may4=","keyId":{"low":16,"high":1763403835,"unsigned":false}}},"operationTime":{"$timestamp":"7635232085870903743"}}}
{"timestamp":"2026-05-02T10:30:01.011Z","level":"SUCCESS","operation":"CONFIRMATION_AUTOMATIQUE","data":{"confirmees":0,"total":0}}
{"timestamp":"2026-05-02T10:30:01.651Z","level":"SUCCESS","operation":"DEBLOCAGE_AUTOMATIQUE","data":{"ok":1,"$clusterTime":{"clusterTime":{"$timestamp":"7635239816812036418"},"signature":{"hash":"Mk7hlbAR7/bCn3QKN7XcKlPTFgE=","keyId":{"low":16,"high":1763403835,"unsigned":false}}},"operationTime":{"$timestamp":"7635239816812036418"}}}
{"timestamp":"2026-05-02T11:00:01.015Z","level":"SUCCESS","operation":"CONFIRMATION_AUTOMATIQUE","data":{"confirmees":0,"total":0}}
{"timestamp":"2026-05-02T11:00:01.652Z","level":"SUCCESS","operation":"DEBLOCAGE_AUTOMATIQUE","data":{"ok":1,"$clusterTime":{"clusterTime":{"$timestamp":"7635247547753169310"},"signature":{"hash":"wp3i4jCghlk2K/bGCSxw2yuf6D4=","keyId":{"low":16,"high":1763403835,"unsigned":false}}},"operationTime":{"$timestamp":"7635247547753169310"}}}
{"timestamp":"2026-05-02T11:30:01.008Z","level":"SUCCESS","operation":"CONFIRMATION_AUTOMATIQUE","data":{"confirmees":0,"total":0}}
{"timestamp":"2026-05-02T11:30:01.643Z","level":"SUCCESS","operation":"DEBLOCAGE_AUTOMATIQUE","data":{"ok":1,"$clusterTime":{"clusterTime":{"$timestamp":"7635255278694302011"},"signature":{"hash":"1Mp5RKY8ZTYoe5/vj3HP8Bc4uXA=","keyId":{"low":16,"high":1763403835,"unsigned":false}}},"operationTime":{"$timestamp":"7635255278694302011"}}}
{"timestamp":"2026-05-02T12:00:00.978Z","level":"SUCCESS","operation":"CONFIRMATION_AUTOMATIQUE","data":{"confirmees":0,"total":0}}
{"timestamp":"2026-05-02T12:00:01.607Z","level":"SUCCESS","operation":"DEBLOCAGE_AUTOMATIQUE","data":{"ok":1,"$clusterTime":{"clusterTime":{"$timestamp":"7635263009635434981"},"signature":{"hash":"NSIKCLNNO114xOM6+yvbyrzpBEE=","keyId":{"low":16,"high":1763403835,"unsigned":false}}},"operationTime":{"$timestamp":"7635263009635434980"}}}
{"timestamp":"2026-05-02T12:30:01.023Z","level":"SUCCESS","operation":"CONFIRMATION_AUTOMATIQUE","data":{"confirmees":0,"total":0}}
{"timestamp":"2026-05-02T12:30:01.648Z","level":"SUCCESS","operation":"DEBLOCAGE_AUTOMATIQUE","data":{"ok":1,"$clusterTime":{"clusterTime":{"$timestamp":"7635270740576567613"},"signature":{"hash":"iR6m3tdwaVTvCOsRzJrLE/ZJutY=","keyId":{"low":16,"high":1763403835,"unsigned":false}}},"operationTime":{"$timestamp":"7635270740576567613"}}}
{"timestamp":"2026-05-02T13:00:01.047Z","level":"SUCCESS","operation":"CONFIRMATION_AUTOMATIQUE","data":{"confirmees":0,"total":0}}
{"timestamp":"2026-05-02T13:00:01.675Z","level":"SUCCESS","operation":"DEBLOCAGE_AUTOMATIQUE","data":{"ok":1,"$clusterTime":{"clusterTime":{"$timestamp":"7635278471517700572"},"signature":{"hash":"1uwHzl4Cg4AW6qpnw9IYZRsc5n8=","keyId":{"low":16,"high":1763403835,"unsigned":false}}},"operationTime":{"$timestamp":"7635278471517700572"}}}
{"timestamp":"2026-05-02T13:30:01.034Z","level":"SUCCESS","operation":"CONFIRMATION_AUTOMATIQUE","data":{"confirmees":0,"total":0}}
{"timestamp":"2026-05-02T13:30:01.686Z","level":"SUCCESS","operation":"DEBLOCAGE_AUTOMATIQUE","data":{"ok":1,"$clusterTime":{"clusterTime":{"$timestamp":"7635286202458833207"},"signature":{"hash":"NU2orMTxBUSf2ppBXOICA98hAVE=","keyId":{"low":16,"high":1763403835,"unsigned":false}}},"operationTime":{"$timestamp":"7635286202458833207"}}}
{"timestamp":"2026-05-02T14:00:01.057Z","level":"SUCCESS","operation":"CONFIRMATION_AUTOMATIQUE","data":{"confirmees":0,"total":0}}
{"timestamp":"2026-05-02T14:00:01.694Z","level":"SUCCESS","operation":"DEBLOCAGE_AUTOMATIQUE","data":{"ok":1,"$clusterTime":{"clusterTime":{"$timestamp":"7635293933399966024"},"signature":{"hash":"OOMNkvo4p3kRgy0Uh103DaTlpPw=","keyId":{"low":16,"high":1763403835,"unsigned":false}}},"operationTime":{"$timestamp":"7635293933399966024"}}}
{"timestamp":"2026-05-02T14:30:01.015Z","level":"SUCCESS","operation":"CONFIRMATION_AUTOMATIQUE","data":{"confirmees":0,"total":0}}
{"timestamp":"2026-05-02T14:30:01.684Z","level":"SUCCESS","operation":"DEBLOCAGE_AUTOMATIQUE","data":{"ok":1,"$clusterTime":{"clusterTime":{"$timestamp":"7635301664341098809"},"signature":{"hash":"jcIpzIsKQKTIH92vDJ6eSYk6nwk=","keyId":{"low":16,"high":1763403835,"unsigned":false}}},"operationTime":{"$timestamp":"7635301664341098809"}}}
{"timestamp":"2026-05-02T15:00:01.085Z","level":"SUCCESS","operation":"CONFIRMATION_AUTOMATIQUE","data":{"confirmees":0,"total":0}}
{"timestamp":"2026-05-02T15:00:01.745Z","level":"SUCCESS","operation":"DEBLOCAGE_AUTOMATIQUE","data":{"ok":1,"$clusterTime":{"clusterTime":{"$timestamp":"7635309395282231612"},"signature":{"hash":"MDMHTvzFDJWhGPZC8qgCPYKEWR8=","keyId":{"low":16,"high":1763403835,"unsigned":false}}},"operationTime":{"$timestamp":"7635309395282231612"}}}
{"timestamp":"2026-05-02T15:33:34.733Z","level":"SUCCESS","operation":"CONFIRMATION_AUTOMATIQUE","data":{"confirmees":0,"total":0}}
{"timestamp":"2026-05-02T15:33:35.383Z","level":"SUCCESS","operation":"DEBLOCAGE_AUTOMATIQUE","data":{"ok":1,"$clusterTime":{"clusterTime":{"$timestamp":"7635318041051398166"},"signature":{"hash":"wm4f9TZXNIArYRDUFpQyulY50ng=","keyId":{"low":16,"high":1763403835,"unsigned":false}}},"operationTime":{"$timestamp":"7635318041051398166"}}}
{"timestamp":"2026-05-02T16:00:00.965Z","level":"SUCCESS","operation":"CONFIRMATION_AUTOMATIQUE","data":{"confirmees":0,"total":0}}
{"timestamp":"2026-05-02T16:00:01.608Z","level":"SUCCESS","operation":"DEBLOCAGE_AUTOMATIQUE","data":{"ok":1,"$clusterTime":{"clusterTime":{"$timestamp":"7635324857164497144"},"signature":{"hash":"NCXA69EYx3QCTCo/OBYSWbk2MN4=","keyId":{"low":16,"high":1763403835,"unsigned":false}}},"operationTime":{"$timestamp":"7635324857164497136"}}}
{"timestamp":"2026-05-02T16:30:00.767Z","level":"SUCCESS","operation":"CONFIRMATION_AUTOMATIQUE","data":{"confirmees":0,"total":0}}
{"timestamp":"2026-05-02T16:30:01.219Z","level":"SUCCESS","operation":"DEBLOCAGE_AUTOMATIQUE","data":{"ok":1,"$clusterTime":{"clusterTime":{"$timestamp":"7635332583810662422"},"signature":{"hash":"eriMMCMvVJAmt1LCYbvwkRrBcDM=","keyId":{"low":16,"high":1763403835,"unsigned":false}}},"operationTime":{"$timestamp":"7635332583810662422"}}}
{"timestamp":"2026-05-02T17:00:01.055Z","level":"SUCCESS","operation":"CONFIRMATION_AUTOMATIQUE","data":{"confirmees":0,"total":0}}
{"timestamp":"2026-05-02T17:00:01.707Z","level":"SUCCESS","operation":"DEBLOCAGE_AUTOMATIQUE","data":{"ok":1,"$clusterTime":{"clusterTime":{"$timestamp":"7635340319046762806"},"signature":{"hash":"pgxh/enYbWXbqRTiS5WzMU/E+pE=","keyId":{"low":16,"high":1763403835,"unsigned":false}}},"operationTime":{"$timestamp":"7635340319046762806"}}}
{"timestamp":"2026-05-02T17:30:01.029Z","level":"SUCCESS","operation":"CONFIRMATION_AUTOMATIQUE","data":{"confirmees":0,"total":0}}
{"timestamp":"2026-05-02T17:30:01.668Z","level":"SUCCESS","operation":"DEBLOCAGE_AUTOMATIQUE","data":{"ok":1,"$clusterTime":{"clusterTime":{"$timestamp":"7635348049987895412"},"signature":{"hash":"TJILajdK71cTzjP2iodB+wrQJDg=","keyId":{"low":16,"high":1763403835,"unsigned":false}}},"operationTime":{"$timestamp":"7635348049987895392"}}}
{"timestamp":"2026-05-02T18:00:01.030Z","level":"SUCCESS","operation":"CONFIRMATION_AUTOMATIQUE","data":{"confirmees":0,"total":0}}
{"timestamp":"2026-05-02T18:00:01.712Z","level":"SUCCESS","operation":"DEBLOCAGE_AUTOMATIQUE","data":{"ok":1,"$clusterTime":{"clusterTime":{"$timestamp":"7635355780929028252"},"signature":{"hash":"vc5pE2Ja32le/hci6tmIH0EbeXk=","keyId":{"low":16,"high":1763403835,"unsigned":false}}},"operationTime":{"$timestamp":"7635355780929028233"}}}
{"timestamp":"2026-05-02T18:30:01.036Z","level":"SUCCESS","operation":"CONFIRMATION_AUTOMATIQUE","data":{"confirmees":0,"total":0}}
{"timestamp":"2026-05-02T18:30:01.707Z","level":"SUCCESS","operation":"DEBLOCAGE_AUTOMATIQUE","data":{"ok":1,"$clusterTime":{"clusterTime":{"$timestamp":"7635363511870160900"},"signature":{"hash":"ZLcWzOxC1Rr+qTX0NV1Hct2/Cos=","keyId":{"low":16,"high":1763403835,"unsigned":false}}},"operationTime":{"$timestamp":"7635363511870160900"}}}
