{"timestamp":"2026-05-10T12:30:00.780Z","level":"SUCCESS","operation":"CONFIRMATION_AUTOMATIQUE","data":{"confirmees":0,"total":0}}
{"timestamp":"2026-05-10T12:30:01.232Z","level":"SUCCESS","operation":"DEBLOCAGE_AUTOMATIQUE","data":{"ok":1,"$clusterTime":{"clusterTime":{"$timestamp":"7638239421971562500"},"signature":{"hash":"dTUfrtyaZb/Kk9Ink4dnkbA87DQ=","keyId":{"low":16,"high":1763403835,"unsigned":false}}},"operationTime":{"$timestamp":"7638239421971562500"}}}
{"timestamp":"2026-05-10T13:00:00.839Z","level":"SUCCESS","operation":"CONFIRMATION_AUTOMATIQUE","data":{"confirmees":0,"total":0}}
{"timestamp":"2026-05-10T13:00:01.290Z","level":"SUCCESS","operation":"DEBLOCAGE_AUTOMATIQUE","data":{"ok":1,"$clusterTime":{"clusterTime":{"$timestamp":"7638247152912695308"},"signature":{"hash":"gDbk7vDXPvoLStQMzNT00LoJ5l0=","keyId":{"low":16,"high":1763403835,"unsigned":false}}},"operationTime":{"$timestamp":"7638247152912695308"}}}
{"timestamp":"2026-05-10T13:30:00.709Z","level":"SUCCESS","operation":"CONFIRMATION_AUTOMATIQUE","data":{"confirmees":0,"total":0}}
{"timestamp":"2026-05-10T13:30:01.372Z","level":"SUCCESS","operation":"DEBLOCAGE_AUTOMATIQUE","data":{"ok":1,"$clusterTime":{"clusterTime":{"$timestamp":"7638254883853828110"},"signature":{"hash":"iAF4f9IklBvKafROd9kkJBYwFVg=","keyId":{"low":16,"high":1763403835,"unsigned":false}}},"operationTime":{"$timestamp":"7638254883853828110"}}}
{"timestamp":"2026-05-10T14:00:00.833Z","level":"SUCCESS","operation":"CONFIRMATION_AUTOMATIQUE","data":{"confirmees":0,"total":0}}
{"timestamp":"2026-05-10T14:00:01.288Z","level":"SUCCESS","operation":"DEBLOCAGE_AUTOMATIQUE","data":{"ok":1,"$clusterTime":{"clusterTime":{"$timestamp":"7638262614794961066"},"signature":{"hash":"vwwfzFiUKm/tNKbBYo6lOqxqs4I=","keyId":{"low":16,"high":1763403835,"unsigned":false}}},"operationTime":{"$timestamp":"7638262614794961066"}}}
{"timestamp":"2026-05-10T14:30:00.726Z","level":"SUCCESS","operation":"CONFIRMATION_AUTOMATIQUE","data":{"confirmees":0,"total":0}}
{"timestamp":"2026-05-10T14:30:01.150Z","level":"SUCCESS","operation":"DEBLOCAGE_AUTOMATIQUE","data":{"ok":1,"$clusterTime":{"clusterTime":{"$timestamp":"7638270345736093699"},"signature":{"hash":"ClfURvO4EM6gFeMgwENtcGuBgm4=","keyId":{"low":16,"high":1763403835,"unsigned":false}}},"operationTime":{"$timestamp":"7638270345736093699"}}}
{"timestamp":"2026-05-10T15:00:00.764Z","level":"SUCCESS","operation":"CONFIRMATION_AUTOMATIQUE","data":{"confirmees":0,"total":0}}
{"timestamp":"2026-05-10T15:00:01.212Z","level":"SUCCESS","operation":"DEBLOCAGE_AUTOMATIQUE","data":{"ok":1,"$clusterTime":{"clusterTime":{"$timestamp":"7638278076677226728"},"signature":{"hash":"RwHAYthHUfN1EN6Tv2GaIPEV0aU=","keyId":{"low":16,"high":1763403835,"unsigned":false}}},"operationTime":{"$timestamp":"7638278076677226719"}}}
{"timestamp":"2026-05-10T15:30:00.817Z","level":"SUCCESS","operation":"CONFIRMATION_AUTOMATIQUE","data":{"confirmees":0,"total":0}}
{"timestamp":"2026-05-10T15:30:01.297Z","level":"SUCCESS","operation":"DEBLOCAGE_AUTOMATIQUE","data":{"ok":1,"$clusterTime":{"clusterTime":{"$timestamp":"7638285807618359302"},"signature":{"hash":"TMtE9qf6swHc4072CQTVf5nqpt8=","keyId":{"low":16,"high":1763403835,"unsigned":false}}},"operationTime":{"$timestamp":"7638285807618359302"}}}
{"timestamp":"2026-05-10T16:00:00.816Z","level":"SUCCESS","operation":"CONFIRMATION_AUTOMATIQUE","data":{"confirmees":0,"total":0}}
{"timestamp":"2026-05-10T16:00:01.324Z","level":"SUCCESS","operation":"DEBLOCAGE_AUTOMATIQUE","data":{"ok":1,"$clusterTime":{"clusterTime":{"$timestamp":"7638293538559492109"},"signature":{"hash":"NOvQ5aIC7OMJ/0hxszCHJg7h85M=","keyId":{"low":16,"high":1763403835,"unsigned":false}}},"operationTime":{"$timestamp":"7638293538559492109"}}}
{"timestamp":"2026-05-10T16:30:00.911Z","level":"SUCCESS","operation":"CONFIRMATION_AUTOMATIQUE","data":{"confirmees":0,"total":0}}
{"timestamp":"2026-05-10T16:30:01.490Z","level":"SUCCESS","operation":"DEBLOCAGE_AUTOMATIQUE","data":{"ok":1,"$clusterTime":{"clusterTime":{"$timestamp":"7638301269500624907"},"signature":{"hash":"UVdZkM/LF/qO8I5HZtRa5qOBYjc=","keyId":{"low":16,"high":1763403835,"unsigned":false}}},"operationTime":{"$timestamp":"7638301269500624907"}}}
{"timestamp":"2026-05-10T17:00:00.789Z","level":"SUCCESS","operation":"CONFIRMATION_AUTOMATIQUE","data":{"confirmees":0,"total":0}}
{"timestamp":"2026-05-10T17:00:01.239Z","level":"SUCCESS","operation":"DEBLOCAGE_AUTOMATIQUE","data":{"ok":1,"$clusterTime":{"clusterTime":{"$timestamp":"7638309000441757703"},"signature":{"hash":"9tp7sq4G80OXS02vZ7xH1lf1YoM=","keyId":{"low":16,"high":1763403835,"unsigned":false}}},"operationTime":{"$timestamp":"7638309000441757703"}}}
{"timestamp":"2026-05-10T17:30:00.733Z","level":"SUCCESS","operation":"CONFIRMATION_AUTOMATIQUE","data":{"confirmees":0,"total":0}}
{"timestamp":"2026-05-10T17:30:01.164Z","level":"SUCCESS","operation":"DEBLOCAGE_AUTOMATIQUE","data":{"ok":1,"$clusterTime":{"clusterTime":{"$timestamp":"7638316731382890498"},"signature":{"hash":"+FJ1usftq7VkI/5S/gBU9HzvWEU=","keyId":{"low":16,"high":1763403835,"unsigned":false}}},"operationTime":{"$timestamp":"7638316731382890498"}}}
{"timestamp":"2026-05-10T18:00:00.868Z","level":"SUCCESS","operation":"CONFIRMATION_AUTOMATIQUE","data":{"confirmees":0,"total":0}}
{"timestamp":"2026-05-10T18:00:01.308Z","level":"SUCCESS","operation":"DEBLOCAGE_AUTOMATIQUE","data":{"ok":1,"$clusterTime":{"clusterTime":{"$timestamp":"7638324462324023311"},"signature":{"hash":"9j7Xvppj+IpgTx2VDyNniPgKgTY=","keyId":{"low":16,"high":1763403835,"unsigned":false}}},"operationTime":{"$timestamp":"7638324462324023311"}}}
{"timestamp":"2026-05-10T18:30:00.810Z","level":"SUCCESS","operation":"CONFIRMATION_AUTOMATIQUE","data":{"confirmees":0,"total":0}}
{"timestamp":"2026-05-10T18:30:01.247Z","level":"SUCCESS","operation":"DEBLOCAGE_AUTOMATIQUE","data":{"ok":1,"$clusterTime":{"clusterTime":{"$timestamp":"7638332193265156097"},"signature":{"hash":"8o92sJqT5hORkOmEqAwRWXu+mGw=","keyId":{"low":16,"high":1763403835,"unsigned":false}}},"operationTime":{"$timestamp":"7638332193265156097"}}}
