{"timestamp":"2026-01-06T07:23:33.200Z","level":"ERROR","operation":"TACHES_AUTOMATIQUES","data":{"error":"Could not connect to any servers in your MongoDB Atlas cluster. One common reason is that you're trying to access the database from an IP that isn't whitelisted. Make sure your current IP address is on your Atlas cluster's IP whitelist: https://www.mongodb.com/docs/atlas/security-whitelist/"}}
{"timestamp":"2026-01-06T07:23:40.213Z","level":"SUCCESS","operation":"CONFIRMATION_AUTOMATIQUE","data":{"confirmees":0,"total":0}}
{"timestamp":"2026-01-06T07:23:40.389Z","level":"SUCCESS","operation":"NETTOYAGE_AUTOMATIQUE","data":{"ok":1,"$clusterTime":{"clusterTime":{"$timestamp":"7592145914555269121"},"signature":{"hash":"TkS3c6ObTJwYsLKNFltqcXZjY0E=","keyId":{"low":2,"high":1752254601,"unsigned":false}}},"operationTime":{"$timestamp":"7592145914555269121"}}}
{"timestamp":"2026-01-06T07:23:40.957Z","level":"SUCCESS","operation":"DEBLOCAGE_AUTOMATIQUE","data":{"ok":1,"$clusterTime":{"clusterTime":{"$timestamp":"7592145914555269122"},"signature":{"hash":"TkS3c6ObTJwYsLKNFltqcXZjY0E=","keyId":{"low":2,"high":1752254601,"unsigned":false}}},"operationTime":{"$timestamp":"7592145914555269122"}}}
{"timestamp":"2026-01-06T07:30:00.306Z","level":"SUCCESS","operation":"CONFIRMATION_AUTOMATIQUE","data":{"confirmees":0,"total":0}}
{"timestamp":"2026-01-06T07:30:00.607Z","level":"SUCCESS","operation":"DEBLOCAGE_AUTOMATIQUE","data":{"ok":1,"$clusterTime":{"clusterTime":{"$timestamp":"7592147546642841601"},"signature":{"hash":"0fFHpaajvTqDhu9ryDBa2xb5+so=","keyId":{"low":2,"high":1752254601,"unsigned":false}}},"operationTime":{"$timestamp":"7592147546642841601"}}}
{"timestamp":"2026-01-06T08:00:01.733Z","level":"SUCCESS","operation":"CONFIRMATION_AUTOMATIQUE","data":{"confirmees":0,"total":0}}
{"timestamp":"2026-01-06T08:00:02.065Z","level":"SUCCESS","operation":"DEBLOCAGE_AUTOMATIQUE","data":{"ok":1,"$clusterTime":{"clusterTime":{"$timestamp":"7592155281878941700"},"signature":{"hash":"B6T/vhhhoUCld0dR9OjfmhHRTYM=","keyId":{"low":2,"high":1752254601,"unsigned":false}}},"operationTime":{"$timestamp":"7592155281878941700"}}}
{"timestamp":"2026-01-06T08:30:01.906Z","level":"SUCCESS","operation":"CONFIRMATION_AUTOMATIQUE","data":{"confirmees":0,"total":0}}
{"timestamp":"2026-01-06T08:30:02.316Z","level":"SUCCESS","operation":"DEBLOCAGE_AUTOMATIQUE","data":{"ok":1,"$clusterTime":{"clusterTime":{"$timestamp":"7592163017115041794"},"signature":{"hash":"mtJHD/3vs94atEvyf24R80PmV14=","keyId":{"low":2,"high":1752254601,"unsigned":false}}},"operationTime":{"$timestamp":"7592163017115041794"}}}
{"timestamp":"2026-01-06T09:00:00.390Z","level":"SUCCESS","operation":"CONFIRMATION_AUTOMATIQUE","data":{"confirmees":0,"total":0}}
{"timestamp":"2026-01-06T09:00:00.698Z","level":"SUCCESS","operation":"DEBLOCAGE_AUTOMATIQUE","data":{"ok":1,"$clusterTime":{"clusterTime":{"$timestamp":"7592170739466240004"},"signature":{"hash":"JNrysauG6NjhoNldh5eUdZPTXNo=","keyId":{"low":2,"high":1752254601,"unsigned":false}}},"operationTime":{"$timestamp":"7592170739466240004"}}}
{"timestamp":"2026-01-06T09:30:01.445Z","level":"SUCCESS","operation":"CONFIRMATION_AUTOMATIQUE","data":{"confirmees":0,"total":0}}
{"timestamp":"2026-01-06T09:30:01.754Z","level":"SUCCESS","operation":"DEBLOCAGE_AUTOMATIQUE","data":{"ok":1,"$clusterTime":{"clusterTime":{"$timestamp":"7592178474702340100"},"signature":{"hash":"EC2Gf9nDoM7fyDRACPTWHc1ZKzA=","keyId":{"low":2,"high":1752254601,"unsigned":false}}},"operationTime":{"$timestamp":"7592178474702340100"}}}
{"timestamp":"2026-01-06T10:02:22.186Z","level":"SUCCESS","operation":"CONFIRMATION_AUTOMATIQUE","data":{"confirmees":0,"total":0}}
{"timestamp":"2026-01-06T10:02:22.465Z","level":"SUCCESS","operation":"DEBLOCAGE_AUTOMATIQUE","data":{"ok":1,"$clusterTime":{"clusterTime":{"$timestamp":"7592186811233861633"},"signature":{"hash":"WNyQbHt8AwDyJvmRjm/ozeo38b4=","keyId":{"low":2,"high":1752254601,"unsigned":false}}},"operationTime":{"$timestamp":"7592186811233861633"}}}
{"timestamp":"2026-01-06T10:51:39.672Z","level":"SUCCESS","operation":"CONFIRMATION_AUTOMATIQUE","data":{"confirmees":0,"total":0}}
{"timestamp":"2026-01-06T10:51:39.971Z","level":"SUCCESS","operation":"DEBLOCAGE_AUTOMATIQUE","data":{"ok":1,"$clusterTime":{"clusterTime":{"$timestamp":"7592199511452155915"},"signature":{"hash":"TEwfhBcy3WxB+MlCsdFsvSvQS8s=","keyId":{"low":2,"high":1752254601,"unsigned":false}}},"operationTime":{"$timestamp":"7592199511452155915"}}}
{"timestamp":"2026-01-06T11:00:00.858Z","level":"SUCCESS","operation":"CONFIRMATION_AUTOMATIQUE","data":{"confirmees":0,"total":0}}
{"timestamp":"2026-01-06T11:00:01.197Z","level":"SUCCESS","operation":"DEBLOCAGE_AUTOMATIQUE","data":{"ok":1,"$clusterTime":{"clusterTime":{"$timestamp":"7592201663230771208"},"signature":{"hash":"NZ5HR40yzqnn8iQe1/ze4g1dNIg=","keyId":{"low":2,"high":1752254601,"unsigned":false}}},"operationTime":{"$timestamp":"7592201663230771208"}}}
