{"timestamp":"2025-09-25T10:00:00.456Z","level":"SUCCESS","operation":"CONFIRMATION_AUTOMATIQUE","data":{"confirmees":0,"total":0}}
{"timestamp":"2025-09-25T10:00:00.886Z","level":"SUCCESS","operation":"DEBLOCAGE_AUTOMATIQUE","data":{"ok":1,"$clusterTime":{"clusterTime":{"$timestamp":"7553964428387942430"},"signature":{"hash":"ybMcevGGfmpp+gu3+TTa17d+Hks=","keyId":{"low":7,"high":1744141991,"unsigned":false}}},"operationTime":{"$timestamp":"7553964428387942430"}}}
{"timestamp":"2025-09-25T11:00:00.507Z","level":"SUCCESS","operation":"CONFIRMATION_AUTOMATIQUE","data":{"confirmees":0,"total":0}}
{"timestamp":"2025-09-25T11:00:00.946Z","level":"SUCCESS","operation":"DEBLOCAGE_AUTOMATIQUE","data":{"ok":1,"$clusterTime":{"clusterTime":{"$timestamp":"7553979894565175304"},"signature":{"hash":"4Pf+dja+0Zo4ex9IIt5WaEiCKwc=","keyId":{"low":7,"high":1744141991,"unsigned":false}}},"operationTime":{"$timestamp":"7553979894565175304"}}}
{"timestamp":"2025-09-25T11:30:00.518Z","level":"SUCCESS","operation":"CONFIRMATION_AUTOMATIQUE","data":{"confirmees":0,"total":0}}
{"timestamp":"2025-09-25T11:30:00.987Z","level":"SUCCESS","operation":"DEBLOCAGE_AUTOMATIQUE","data":{"ok":1,"$clusterTime":{"clusterTime":{"$timestamp":"7553987625506308100"},"signature":{"hash":"HljBQxSsuGPnR2P8OIG9DhSvx84=","keyId":{"low":7,"high":1744141991,"unsigned":false}}},"operationTime":{"$timestamp":"7553987625506308100"}}}
{"timestamp":"2025-09-25T12:00:00.468Z","level":"SUCCESS","operation":"CONFIRMATION_AUTOMATIQUE","data":{"confirmees":0,"total":0}}
{"timestamp":"2025-09-25T12:00:00.899Z","level":"SUCCESS","operation":"DEBLOCAGE_AUTOMATIQUE","data":{"ok":1,"$clusterTime":{"clusterTime":{"$timestamp":"7553995356447440952"},"signature":{"hash":"o3/n3IstULR+D714noRgmr6mMo0=","keyId":{"low":7,"high":1744141991,"unsigned":false}}},"operationTime":{"$timestamp":"7553995356447440952"}}}
{"timestamp":"2025-09-25T12:30:00.457Z","level":"SUCCESS","operation":"CONFIRMATION_AUTOMATIQUE","data":{"confirmees":0,"total":0}}
{"timestamp":"2025-09-25T12:30:00.882Z","level":"SUCCESS","operation":"DEBLOCAGE_AUTOMATIQUE","data":{"ok":1,"$clusterTime":{"clusterTime":{"$timestamp":"7554003087388573704"},"signature":{"hash":"gOBWrppzF4k+3ErPMxqpO8iBi3w=","keyId":{"low":7,"high":1744141991,"unsigned":false}}},"operationTime":{"$timestamp":"7554003087388573704"}}}
{"timestamp":"2025-09-25T13:00:00.469Z","level":"SUCCESS","operation":"CONFIRMATION_AUTOMATIQUE","data":{"confirmees":0,"total":0}}
{"timestamp":"2025-09-25T13:00:00.906Z","level":"SUCCESS","operation":"DEBLOCAGE_AUTOMATIQUE","data":{"ok":1,"$clusterTime":{"clusterTime":{"$timestamp":"7554010818329706503"},"signature":{"hash":"Bl1Wvjq4t2a4/BVr4KW4X0TaN+M=","keyId":{"low":7,"high":1744141991,"unsigned":false}}},"operationTime":{"$timestamp":"7554010818329706503"}}}
{"timestamp":"2025-09-25T13:30:00.769Z","level":"SUCCESS","operation":"CONFIRMATION_AUTOMATIQUE","data":{"confirmees":0,"total":0}}
{"timestamp":"2025-09-25T13:30:01.174Z","level":"SUCCESS","operation":"DEBLOCAGE_AUTOMATIQUE","data":{"ok":1,"$clusterTime":{"clusterTime":{"$timestamp":"7554018549270839305"},"signature":{"hash":"feD2DGWJrXDAOe6YnqtQA8FoN04=","keyId":{"low":7,"high":1744141991,"unsigned":false}}},"operationTime":{"$timestamp":"7554018549270839305"}}}
{"timestamp":"2025-09-25T14:00:00.494Z","level":"SUCCESS","operation":"CONFIRMATION_AUTOMATIQUE","data":{"confirmees":0,"total":0}}
{"timestamp":"2025-09-25T14:00:00.949Z","level":"SUCCESS","operation":"DEBLOCAGE_AUTOMATIQUE","data":{"ok":1,"$clusterTime":{"clusterTime":{"$timestamp":"7554026280211972103"},"signature":{"hash":"xFDCgftnPEuUY7AC8HwIIl5QW0s=","keyId":{"low":7,"high":1744141991,"unsigned":false}}},"operationTime":{"$timestamp":"7554026280211972103"}}}
{"timestamp":"2025-09-25T14:30:00.494Z","level":"SUCCESS","operation":"CONFIRMATION_AUTOMATIQUE","data":{"confirmees":0,"total":0}}
{"timestamp":"2025-09-25T14:30:00.947Z","level":"SUCCESS","operation":"DEBLOCAGE_AUTOMATIQUE","data":{"ok":1,"$clusterTime":{"clusterTime":{"$timestamp":"7554034011153104900"},"signature":{"hash":"xv1mr2WVTPI1AGejqC6Fl9nTbIo=","keyId":{"low":7,"high":1744141991,"unsigned":false}}},"operationTime":{"$timestamp":"7554034011153104900"}}}
{"timestamp":"2025-09-25T15:00:00.515Z","level":"SUCCESS","operation":"CONFIRMATION_AUTOMATIQUE","data":{"confirmees":0,"total":0}}
{"timestamp":"2025-09-25T15:00:00.970Z","level":"SUCCESS","operation":"DEBLOCAGE_AUTOMATIQUE","data":{"ok":1,"$clusterTime":{"clusterTime":{"$timestamp":"7554041742094237698"},"signature":{"hash":"+weQTWdYopmE5JEhABLg5Mq5QIE=","keyId":{"low":7,"high":1744141991,"unsigned":false}}},"operationTime":{"$timestamp":"7554041742094237698"}}}
{"timestamp":"2025-09-25T15:30:02.102Z","level":"SUCCESS","operation":"CONFIRMATION_AUTOMATIQUE","data":{"confirmees":0,"total":0}}
{"timestamp":"2025-09-25T15:30:02.546Z","level":"SUCCESS","operation":"DEBLOCAGE_AUTOMATIQUE","data":{"ok":1,"$clusterTime":{"clusterTime":{"$timestamp":"7554049477330337810"},"signature":{"hash":"nlzlZbL0rT95vJ55u0mlAWGHIIs=","keyId":{"low":7,"high":1744141991,"unsigned":false}}},"operationTime":{"$timestamp":"7554049477330337810"}}}
{"timestamp":"2025-09-25T16:00:00.498Z","level":"SUCCESS","operation":"CONFIRMATION_AUTOMATIQUE","data":{"confirmees":0,"total":0}}
{"timestamp":"2025-09-25T16:00:00.968Z","level":"SUCCESS","operation":"DEBLOCAGE_AUTOMATIQUE","data":{"ok":1,"$clusterTime":{"clusterTime":{"$timestamp":"7554057203976503299"},"signature":{"hash":"m2yO54+YdfrSLp9JwOPcJzywrEs=","keyId":{"low":7,"high":1744141991,"unsigned":false}}},"operationTime":{"$timestamp":"7554057203976503299"}}}
{"timestamp":"2025-09-25T16:30:00.471Z","level":"SUCCESS","operation":"CONFIRMATION_AUTOMATIQUE","data":{"confirmees":0,"total":0}}
{"timestamp":"2025-09-25T16:30:00.925Z","level":"SUCCESS","operation":"DEBLOCAGE_AUTOMATIQUE","data":{"ok":1,"$clusterTime":{"clusterTime":{"$timestamp":"7554064934917636098"},"signature":{"hash":"1sVOUsP/jMLvtPyhWCwGcu86iOk=","keyId":{"low":7,"high":1744141991,"unsigned":false}}},"operationTime":{"$timestamp":"7554064934917636098"}}}
{"timestamp":"2025-09-25T17:00:00.527Z","level":"SUCCESS","operation":"CONFIRMATION_AUTOMATIQUE","data":{"confirmees":0,"total":0}}
{"timestamp":"2025-09-25T17:00:01.018Z","level":"SUCCESS","operation":"DEBLOCAGE_AUTOMATIQUE","data":{"ok":1,"$clusterTime":{"clusterTime":{"$timestamp":"7554072665858768901"},"signature":{"hash":"EViLBsFcU9ihIoHgxSz1MrlvtAo=","keyId":{"low":7,"high":1744141991,"unsigned":false}}},"operationTime":{"$timestamp":"7554072665858768901"}}}
{"timestamp":"2025-09-25T17:30:00.499Z","level":"SUCCESS","operation":"CONFIRMATION_AUTOMATIQUE","data":{"confirmees":0,"total":0}}
{"timestamp":"2025-09-25T17:30:00.969Z","level":"SUCCESS","operation":"DEBLOCAGE_AUTOMATIQUE","data":{"ok":1,"$clusterTime":{"clusterTime":{"$timestamp":"7554080396799901698"},"signature":{"hash":"sSriKpbK1JYH5l7CaRsDPEth/JM=","keyId":{"low":7,"high":1744141991,"unsigned":false}}},"operationTime":{"$timestamp":"7554080396799901698"}}}
{"timestamp":"2025-09-25T18:00:00.486Z","level":"SUCCESS","operation":"CONFIRMATION_AUTOMATIQUE","data":{"confirmees":0,"total":0}}
{"timestamp":"2025-09-25T18:00:00.944Z","level":"SUCCESS","operation":"DEBLOCAGE_AUTOMATIQUE","data":{"ok":1,"$clusterTime":{"clusterTime":{"$timestamp":"7554088127741034497"},"signature":{"hash":"XJSrMM9LjM8CaQ7+Vo6MeGim6Ww=","keyId":{"low":7,"high":1744141991,"unsigned":false}}},"operationTime":{"$timestamp":"7554088127741034497"}}}
{"timestamp":"2025-09-25T18:30:00.492Z","level":"SUCCESS","operation":"CONFIRMATION_AUTOMATIQUE","data":{"confirmees":0,"total":0}}
{"timestamp":"2025-09-25T18:30:00.927Z","level":"SUCCESS","operation":"DEBLOCAGE_AUTOMATIQUE","data":{"ok":1,"$clusterTime":{"clusterTime":{"$timestamp":"7554095858682167297"},"signature":{"hash":"3S81bxP+HMRYE/5+nYdn/N45P3E=","keyId":{"low":7,"high":1744141991,"unsigned":false}}},"operationTime":{"$timestamp":"7554095858682167297"}}}
{"timestamp":"2025-09-25T19:00:00.584Z","level":"SUCCESS","operation":"CONFIRMATION_AUTOMATIQUE","data":{"confirmees":0,"total":0}}
{"timestamp":"2025-09-25T19:00:01.164Z","level":"SUCCESS","operation":"DEBLOCAGE_AUTOMATIQUE","data":{"ok":1,"$clusterTime":{"clusterTime":{"$timestamp":"7554103589623300098"},"signature":{"hash":"7U9kFP3uQlPXqxzC6/AyvPXMPnc=","keyId":{"low":7,"high":1744141991,"unsigned":false}}},"operationTime":{"$timestamp":"7554103589623300098"}}}
{"timestamp":"2025-09-25T19:30:00.567Z","level":"SUCCESS","operation":"CONFIRMATION_AUTOMATIQUE","data":{"confirmees":0,"total":0}}
{"timestamp":"2025-09-25T19:30:01.106Z","level":"SUCCESS","operation":"DEBLOCAGE_AUTOMATIQUE","data":{"ok":1,"$clusterTime":{"clusterTime":{"$timestamp":"7554111320564432899"},"signature":{"hash":"zV/f3h4KI+R+tnWvtkPmpzD0a9A=","keyId":{"low":7,"high":1744141991,"unsigned":false}}},"operationTime":{"$timestamp":"7554111320564432899"}}}
