{"timestamp":"2025-09-08T14:00:01.951Z","level":"SUCCESS","operation":"CONFIRMATION_AUTOMATIQUE","data":{"confirmees":0,"total":0}}
{"timestamp":"2025-09-08T14:00:02.443Z","level":"SUCCESS","operation":"DEBLOCAGE_AUTOMATIQUE","data":{"ok":1,"$clusterTime":{"clusterTime":{"$timestamp":"7547717836542574596"},"signature":{"hash":"ADEZ7WKT5P+HSWkLCc4rYWatMQs=","keyId":{"low":7,"high":1744141991,"unsigned":false}}},"operationTime":{"$timestamp":"7547717836542574596"}}}
{"timestamp":"2025-09-08T14:30:00.455Z","level":"SUCCESS","operation":"CONFIRMATION_AUTOMATIQUE","data":{"confirmees":0,"total":0}}
{"timestamp":"2025-09-08T14:30:00.904Z","level":"SUCCESS","operation":"DEBLOCAGE_AUTOMATIQUE","data":{"ok":1,"$clusterTime":{"clusterTime":{"$timestamp":"7547725558893772819"},"signature":{"hash":"d9luDIB6zreI/BjwYg/Mcb/p7Yg=","keyId":{"low":7,"high":1744141991,"unsigned":false}}},"operationTime":{"$timestamp":"7547725558893772819"}}}
{"timestamp":"2025-09-08T15:00:00.518Z","level":"SUCCESS","operation":"CONFIRMATION_AUTOMATIQUE","data":{"confirmees":0,"total":0}}
{"timestamp":"2025-09-08T15:00:00.978Z","level":"SUCCESS","operation":"DEBLOCAGE_AUTOMATIQUE","data":{"ok":1,"$clusterTime":{"clusterTime":{"$timestamp":"7547733289834905622"},"signature":{"hash":"dVBZ0bZwsd70C3doq44i3HpJZSc=","keyId":{"low":7,"high":1744141991,"unsigned":false}}},"operationTime":{"$timestamp":"7547733289834905622"}}}
{"timestamp":"2025-09-08T15:30:00.588Z","level":"SUCCESS","operation":"CONFIRMATION_AUTOMATIQUE","data":{"confirmees":0,"total":0}}
{"timestamp":"2025-09-08T15:30:01.193Z","level":"SUCCESS","operation":"DEBLOCAGE_AUTOMATIQUE","data":{"ok":1,"$clusterTime":{"clusterTime":{"$timestamp":"7547741020776038416"},"signature":{"hash":"w3WgXlMc9oNuStlkZtbhls/NxdA=","keyId":{"low":7,"high":1744141991,"unsigned":false}}},"operationTime":{"$timestamp":"7547741020776038416"}}}
{"timestamp":"2025-09-08T16:00:02.641Z","level":"SUCCESS","operation":"CONFIRMATION_AUTOMATIQUE","data":{"confirmees":0,"total":0}}
{"timestamp":"2025-09-08T16:00:03.158Z","level":"SUCCESS","operation":"DEBLOCAGE_AUTOMATIQUE","data":{"ok":1,"$clusterTime":{"clusterTime":{"$timestamp":"7547748760307105806"},"signature":{"hash":"gw8kxBH9HgrZWonDBBlx/MJCorg=","keyId":{"low":7,"high":1744141991,"unsigned":false}}},"operationTime":{"$timestamp":"7547748760307105806"}}}
{"timestamp":"2025-09-08T16:30:00.869Z","level":"SUCCESS","operation":"CONFIRMATION_AUTOMATIQUE","data":{"confirmees":0,"total":0}}
{"timestamp":"2025-09-08T16:30:01.445Z","level":"SUCCESS","operation":"DEBLOCAGE_AUTOMATIQUE","data":{"ok":1,"$clusterTime":{"clusterTime":{"$timestamp":"7547756486953271298"},"signature":{"hash":"0KesnMq3Pi2FpbdBjO5j08XjU8Q=","keyId":{"low":7,"high":1744141991,"unsigned":false}}},"operationTime":{"$timestamp":"7547756486953271298"}}}
{"timestamp":"2025-09-08T17:00:00.761Z","level":"SUCCESS","operation":"CONFIRMATION_AUTOMATIQUE","data":{"confirmees":0,"total":0}}
{"timestamp":"2025-09-08T17:00:01.364Z","level":"SUCCESS","operation":"DEBLOCAGE_AUTOMATIQUE","data":{"ok":1,"$clusterTime":{"clusterTime":{"$timestamp":"7547764213599436825"},"signature":{"hash":"BUx6cePbG8yN5u1SQiUhVByevxI=","keyId":{"low":7,"high":1744141991,"unsigned":false}}},"operationTime":{"$timestamp":"7547764213599436825"}}}
{"timestamp":"2025-09-08T17:30:00.512Z","level":"SUCCESS","operation":"CONFIRMATION_AUTOMATIQUE","data":{"confirmees":0,"total":0}}
{"timestamp":"2025-09-08T17:30:01.048Z","level":"SUCCESS","operation":"DEBLOCAGE_AUTOMATIQUE","data":{"ok":1,"$clusterTime":{"clusterTime":{"$timestamp":"7547771944540569614"},"signature":{"hash":"dp3Pa4T+d4A4j86y4Rz+xqzd8M4=","keyId":{"low":7,"high":1744141991,"unsigned":false}}},"operationTime":{"$timestamp":"7547771944540569614"}}}
{"timestamp":"2025-09-08T21:30:00.619Z","level":"SUCCESS","operation":"CONFIRMATION_AUTOMATIQUE","data":{"confirmees":0,"total":0}}
{"timestamp":"2025-09-08T21:30:01.275Z","level":"SUCCESS","operation":"DEBLOCAGE_AUTOMATIQUE","data":{"ok":1,"$clusterTime":{"clusterTime":{"$timestamp":"7547833792069632019"},"signature":{"hash":"IUaZac1ZwpZOPkVUk7cERpJE4OE=","keyId":{"low":7,"high":1744141991,"unsigned":false}}},"operationTime":{"$timestamp":"7547833792069632019"}}}
{"timestamp":"2025-09-08T22:00:00.674Z","level":"SUCCESS","operation":"CONFIRMATION_AUTOMATIQUE","data":{"confirmees":0,"total":0}}
{"timestamp":"2025-09-08T22:00:01.287Z","level":"SUCCESS","operation":"DEBLOCAGE_AUTOMATIQUE","data":{"ok":1,"$clusterTime":{"clusterTime":{"$timestamp":"7547841523010764822"},"signature":{"hash":"FV5aTpedqtt4ymfvIAJ8criGFK8=","keyId":{"low":7,"high":1744141991,"unsigned":false}}},"operationTime":{"$timestamp":"7547841523010764822"}}}
{"timestamp":"2025-09-08T22:30:03.094Z","level":"SUCCESS","operation":"CONFIRMATION_AUTOMATIQUE","data":{"confirmees":0,"total":0}}
{"timestamp":"2025-09-08T22:30:04.015Z","level":"SUCCESS","operation":"DEBLOCAGE_AUTOMATIQUE","data":{"ok":1,"$clusterTime":{"clusterTime":{"$timestamp":"7547849266836799492"},"signature":{"hash":"1hcGlWQ7cvjgtkGe0oWA2skdmCU=","keyId":{"low":7,"high":1744141991,"unsigned":false}}},"operationTime":{"$timestamp":"7547849266836799492"}}}
