{"timestamp":"2025-09-30T09:30:00.481Z","level":"SUCCESS","operation":"CONFIRMATION_AUTOMATIQUE","data":{"confirmees":0,"total":0}}
{"timestamp":"2025-09-30T09:30:00.923Z","level":"SUCCESS","operation":"DEBLOCAGE_AUTOMATIQUE","data":{"ok":1,"$clusterTime":{"clusterTime":{"$timestamp":"7555812123318681629"},"signature":{"hash":"pYl37EG+If1V7U5V5dqcSyvDeUw=","keyId":{"low":7,"high":1744141991,"unsigned":false}}},"operationTime":{"$timestamp":"7555812123318681629"}}}
{"timestamp":"2025-09-30T10:00:01.644Z","level":"SUCCESS","operation":"CONFIRMATION_AUTOMATIQUE","data":{"confirmees":0,"total":0}}
{"timestamp":"2025-09-30T10:00:02.785Z","level":"SUCCESS","operation":"DEBLOCAGE_AUTOMATIQUE","data":{"ok":1,"$clusterTime":{"clusterTime":{"$timestamp":"7555819862849749015"},"signature":{"hash":"izhhorZhzS2+OMDAmZDalQTn7ao=","keyId":{"low":7,"high":1744141991,"unsigned":false}}},"operationTime":{"$timestamp":"7555819862849749014"}}}
{"timestamp":"2025-09-30T10:30:02.189Z","level":"SUCCESS","operation":"CONFIRMATION_AUTOMATIQUE","data":{"confirmees":0,"total":0}}
{"timestamp":"2025-09-30T10:30:02.624Z","level":"SUCCESS","operation":"DEBLOCAGE_AUTOMATIQUE","data":{"ok":1,"$clusterTime":{"clusterTime":{"$timestamp":"7555827593790881796"},"signature":{"hash":"SvuGUMD9kPWp6gTPBhmIe88ItNQ=","keyId":{"low":7,"high":1744141991,"unsigned":false}}},"operationTime":{"$timestamp":"7555827593790881796"}}}
{"timestamp":"2025-09-30T11:00:00.540Z","level":"SUCCESS","operation":"CONFIRMATION_AUTOMATIQUE","data":{"confirmees":0,"total":0}}
{"timestamp":"2025-09-30T11:00:00.990Z","level":"SUCCESS","operation":"DEBLOCAGE_AUTOMATIQUE","data":{"ok":1,"$clusterTime":{"clusterTime":{"$timestamp":"7555835316142080016"},"signature":{"hash":"LqrMjj7NDCuyVoiDJ5/5KEKZyfs=","keyId":{"low":7,"high":1744141991,"unsigned":false}}},"operationTime":{"$timestamp":"7555835316142080016"}}}
{"timestamp":"2025-09-30T11:30:00.471Z","level":"SUCCESS","operation":"CONFIRMATION_AUTOMATIQUE","data":{"confirmees":0,"total":0}}
{"timestamp":"2025-09-30T11:30:00.901Z","level":"SUCCESS","operation":"DEBLOCAGE_AUTOMATIQUE","data":{"ok":1,"$clusterTime":{"clusterTime":{"$timestamp":"7555843047083212816"},"signature":{"hash":"bXAHQWNhO76yggt5LEHDr/y66lI=","keyId":{"low":7,"high":1744141991,"unsigned":false}}},"operationTime":{"$timestamp":"7555843047083212815"}}}
{"timestamp":"2025-09-30T12:00:00.479Z","level":"SUCCESS","operation":"CONFIRMATION_AUTOMATIQUE","data":{"confirmees":0,"total":0}}
{"timestamp":"2025-09-30T12:00:00.949Z","level":"SUCCESS","operation":"DEBLOCAGE_AUTOMATIQUE","data":{"ok":1,"$clusterTime":{"clusterTime":{"$timestamp":"7555850778024346006"},"signature":{"hash":"wloZFIwiTZ2qBhACuzlo9x40fZM=","keyId":{"low":7,"high":1744141991,"unsigned":false}}},"operationTime":{"$timestamp":"7555850778024346003"}}}
{"timestamp":"2025-09-30T12:30:02.438Z","level":"SUCCESS","operation":"CONFIRMATION_AUTOMATIQUE","data":{"confirmees":0,"total":0}}
{"timestamp":"2025-09-30T12:30:03.045Z","level":"SUCCESS","operation":"DEBLOCAGE_AUTOMATIQUE","data":{"ok":1,"$clusterTime":{"clusterTime":{"$timestamp":"7555858517555413001"},"signature":{"hash":"Ml3rh45IyyRhGrIg1+ZTCLTKZnw=","keyId":{"low":7,"high":1744141991,"unsigned":false}}},"operationTime":{"$timestamp":"7555858517555413001"}}}
{"timestamp":"2025-09-30T13:00:00.492Z","level":"SUCCESS","operation":"CONFIRMATION_AUTOMATIQUE","data":{"confirmees":0,"total":0}}
{"timestamp":"2025-09-30T13:00:00.938Z","level":"SUCCESS","operation":"DEBLOCAGE_AUTOMATIQUE","data":{"ok":1,"$clusterTime":{"clusterTime":{"$timestamp":"7555866239906611212"},"signature":{"hash":"v1TsyyB+qplAnAFdeTHejzTfYoA=","keyId":{"low":7,"high":1744141991,"unsigned":false}}},"operationTime":{"$timestamp":"7555866239906611212"}}}
{"timestamp":"2025-09-30T13:30:00.472Z","level":"SUCCESS","operation":"CONFIRMATION_AUTOMATIQUE","data":{"confirmees":0,"total":0}}
{"timestamp":"2025-09-30T13:30:00.944Z","level":"SUCCESS","operation":"DEBLOCAGE_AUTOMATIQUE","data":{"ok":1,"$clusterTime":{"clusterTime":{"$timestamp":"7555873970847744018"},"signature":{"hash":"/cfjXAm2ek4P454cTvj/zJ3LIgY=","keyId":{"low":7,"high":1744141991,"unsigned":false}}},"operationTime":{"$timestamp":"7555873970847744018"}}}
{"timestamp":"2025-09-30T14:00:00.650Z","level":"SUCCESS","operation":"CONFIRMATION_AUTOMATIQUE","data":{"confirmees":0,"total":0}}
{"timestamp":"2025-09-30T14:00:01.162Z","level":"SUCCESS","operation":"DEBLOCAGE_AUTOMATIQUE","data":{"ok":1,"$clusterTime":{"clusterTime":{"$timestamp":"7555881701788876812"},"signature":{"hash":"rg1OewoE1djZNihvbdkl5zd47xI=","keyId":{"low":7,"high":1744141991,"unsigned":false}}},"operationTime":{"$timestamp":"7555881701788876812"}}}
{"timestamp":"2025-09-30T14:30:02.091Z","level":"SUCCESS","operation":"CONFIRMATION_AUTOMATIQUE","data":{"confirmees":0,"total":0}}
{"timestamp":"2025-09-30T14:30:02.557Z","level":"SUCCESS","operation":"DEBLOCAGE_AUTOMATIQUE","data":{"ok":1,"$clusterTime":{"clusterTime":{"$timestamp":"7555889441319944197"},"signature":{"hash":"V3T+U6I/bwuuJqh+gOBuyG5EtUQ=","keyId":{"low":7,"high":1744141991,"unsigned":false}}},"operationTime":{"$timestamp":"7555889441319944197"}}}
{"timestamp":"2025-09-30T15:00:00.773Z","level":"SUCCESS","operation":"CONFIRMATION_AUTOMATIQUE","data":{"confirmees":0,"total":0}}
{"timestamp":"2025-09-30T15:00:01.242Z","level":"SUCCESS","operation":"DEBLOCAGE_AUTOMATIQUE","data":{"ok":1,"$clusterTime":{"clusterTime":{"$timestamp":"7555897163671142412"},"signature":{"hash":"NJl3UG3mqhflyDRJjr96AVpXS7Q=","keyId":{"low":7,"high":1744141991,"unsigned":false}}},"operationTime":{"$timestamp":"7555897163671142412"}}}
{"timestamp":"2025-09-30T15:30:00.479Z","level":"SUCCESS","operation":"CONFIRMATION_AUTOMATIQUE","data":{"confirmees":0,"total":0}}
{"timestamp":"2025-09-30T15:30:00.899Z","level":"SUCCESS","operation":"DEBLOCAGE_AUTOMATIQUE","data":{"ok":1,"$clusterTime":{"clusterTime":{"$timestamp":"7555904894612275209"},"signature":{"hash":"V/yw11hVE8W3AgfpAr3y1Sm0C5Y=","keyId":{"low":7,"high":1744141991,"unsigned":false}}},"operationTime":{"$timestamp":"7555904894612275208"}}}
{"timestamp":"2025-09-30T16:00:00.042Z","level":"ERROR","operation":"TACHES_AUTOMATIQUES","data":{"error":"getaddrinfo ENOTFOUND ac-bpgz2bc-shard-00-01.mvrgous.mongodb.net"}}
{"timestamp":"2025-09-30T16:30:00.578Z","level":"SUCCESS","operation":"CONFIRMATION_AUTOMATIQUE","data":{"confirmees":0,"total":0}}
{"timestamp":"2025-09-30T16:30:01.193Z","level":"SUCCESS","operation":"DEBLOCAGE_AUTOMATIQUE","data":{"ok":1,"$clusterTime":{"clusterTime":{"$timestamp":"7555920356494540809"},"signature":{"hash":"PrBWnXlRyhXyBB4ulqQ30Fp8Tw4=","keyId":{"low":7,"high":1744141991,"unsigned":false}}},"operationTime":{"$timestamp":"7555920356494540809"}}}
{"timestamp":"2025-09-30T17:30:00.708Z","level":"SUCCESS","operation":"CONFIRMATION_AUTOMATIQUE","data":{"confirmees":0,"total":0}}
{"timestamp":"2025-09-30T17:30:01.322Z","level":"SUCCESS","operation":"DEBLOCAGE_AUTOMATIQUE","data":{"ok":1,"$clusterTime":{"clusterTime":{"$timestamp":"7555935818376806420"},"signature":{"hash":"wunYYGi5VQhfynFqeNW1pLEn/48=","keyId":{"low":7,"high":1744141991,"unsigned":false}}},"operationTime":{"$timestamp":"7555935818376806420"}}}
