{"timestamp":"2026-04-04T15:00:00.862Z","level":"SUCCESS","operation":"CONFIRMATION_AUTOMATIQUE","data":{"confirmees":0,"total":0}}
{"timestamp":"2026-04-04T15:00:01.385Z","level":"SUCCESS","operation":"DEBLOCAGE_AUTOMATIQUE","data":{"ok":1,"$clusterTime":{"clusterTime":{"$timestamp":"7624919010399748101"},"signature":{"hash":"eSqiZSegbpzfl36jqDf2+2AyN1g=","keyId":{"low":16,"high":1763403835,"unsigned":false}}},"operationTime":{"$timestamp":"7624919010399748101"}}}
{"timestamp":"2026-04-04T15:30:00.719Z","level":"SUCCESS","operation":"CONFIRMATION_AUTOMATIQUE","data":{"confirmees":0,"total":0}}
{"timestamp":"2026-04-04T15:30:01.189Z","level":"SUCCESS","operation":"DEBLOCAGE_AUTOMATIQUE","data":{"ok":1,"$clusterTime":{"clusterTime":{"$timestamp":"7624926737045913640"},"signature":{"hash":"heH9QifXBWUDbvOk+ce9bL80CHY=","keyId":{"low":16,"high":1763403835,"unsigned":false}}},"operationTime":{"$timestamp":"7624926737045913640"}}}
{"timestamp":"2026-04-04T16:00:03.070Z","level":"SUCCESS","operation":"CONFIRMATION_AUTOMATIQUE","data":{"confirmees":0,"total":0}}
{"timestamp":"2026-04-04T16:00:03.634Z","level":"SUCCESS","operation":"DEBLOCAGE_AUTOMATIQUE","data":{"ok":1,"$clusterTime":{"clusterTime":{"$timestamp":"7624934480871948308"},"signature":{"hash":"sSraYre7MXVHYobkY45hKMaxdWg=","keyId":{"low":16,"high":1763403835,"unsigned":false}}},"operationTime":{"$timestamp":"7624934480871948308"}}}
{"timestamp":"2026-04-04T16:30:00.722Z","level":"SUCCESS","operation":"CONFIRMATION_AUTOMATIQUE","data":{"confirmees":0,"total":0}}
{"timestamp":"2026-04-04T16:30:01.185Z","level":"SUCCESS","operation":"DEBLOCAGE_AUTOMATIQUE","data":{"ok":1,"$clusterTime":{"clusterTime":{"$timestamp":"7624942198928179232"},"signature":{"hash":"7N1vh/qu9RlPT2k3FmM/fwV81ro=","keyId":{"low":16,"high":1763403835,"unsigned":false}}},"operationTime":{"$timestamp":"7624942198928179232"}}}
{"timestamp":"2026-04-04T17:00:01.074Z","level":"SUCCESS","operation":"CONFIRMATION_AUTOMATIQUE","data":{"confirmees":0,"total":0}}
{"timestamp":"2026-04-04T17:00:01.692Z","level":"SUCCESS","operation":"DEBLOCAGE_AUTOMATIQUE","data":{"ok":1,"$clusterTime":{"clusterTime":{"$timestamp":"7624949934164279307"},"signature":{"hash":"l1cfcHinSzv7YzW2L3Fw2PfhEr0=","keyId":{"low":16,"high":1763403835,"unsigned":false}}},"operationTime":{"$timestamp":"7624949934164279307"}}}
{"timestamp":"2026-04-04T17:30:00.932Z","level":"SUCCESS","operation":"CONFIRMATION_AUTOMATIQUE","data":{"confirmees":0,"total":0}}
{"timestamp":"2026-04-04T17:30:01.529Z","level":"SUCCESS","operation":"DEBLOCAGE_AUTOMATIQUE","data":{"ok":1,"$clusterTime":{"clusterTime":{"$timestamp":"7624957665105412100"},"signature":{"hash":"aWmMdcD3YspdzuNpyiDAZK3GhGs=","keyId":{"low":16,"high":1763403835,"unsigned":false}}},"operationTime":{"$timestamp":"7624957665105412100"}}}
{"timestamp":"2026-04-04T18:00:00.906Z","level":"SUCCESS","operation":"CONFIRMATION_AUTOMATIQUE","data":{"confirmees":0,"total":0}}
{"timestamp":"2026-04-04T18:00:01.454Z","level":"SUCCESS","operation":"DEBLOCAGE_AUTOMATIQUE","data":{"ok":1,"$clusterTime":{"clusterTime":{"$timestamp":"7624965396046544903"},"signature":{"hash":"Q7UwmP5CsLUEWoYoDaEw4qFtI00=","keyId":{"low":16,"high":1763403835,"unsigned":false}}},"operationTime":{"$timestamp":"7624965396046544901"}}}
{"timestamp":"2026-04-04T18:30:02.604Z","level":"SUCCESS","operation":"CONFIRMATION_AUTOMATIQUE","data":{"confirmees":0,"total":0}}
{"timestamp":"2026-04-04T18:30:03.148Z","level":"SUCCESS","operation":"DEBLOCAGE_AUTOMATIQUE","data":{"ok":1,"$clusterTime":{"clusterTime":{"$timestamp":"7624973131282645034"},"signature":{"hash":"fRvDzGBggWqpY3/q/mshFnukmME=","keyId":{"low":16,"high":1763403835,"unsigned":false}}},"operationTime":{"$timestamp":"7624973131282645034"}}}
{"timestamp":"2026-04-04T19:00:00.909Z","level":"SUCCESS","operation":"CONFIRMATION_AUTOMATIQUE","data":{"confirmees":0,"total":0}}
{"timestamp":"2026-04-04T19:00:01.477Z","level":"SUCCESS","operation":"DEBLOCAGE_AUTOMATIQUE","data":{"ok":1,"$clusterTime":{"clusterTime":{"$timestamp":"7624980857928810497"},"signature":{"hash":"2MABd0wn5y2iX4N/33yMOzpzP00=","keyId":{"low":16,"high":1763403835,"unsigned":false}}},"operationTime":{"$timestamp":"7624980857928810497"}}}
{"timestamp":"2026-04-04T19:30:00.848Z","level":"SUCCESS","operation":"CONFIRMATION_AUTOMATIQUE","data":{"confirmees":0,"total":0}}
{"timestamp":"2026-04-04T19:30:01.368Z","level":"SUCCESS","operation":"DEBLOCAGE_AUTOMATIQUE","data":{"ok":1,"$clusterTime":{"clusterTime":{"$timestamp":"7624988584574976039"},"signature":{"hash":"gQXpB/viOT2zhPzXz+hGBml/s/Q=","keyId":{"low":16,"high":1763403835,"unsigned":false}}},"operationTime":{"$timestamp":"7624988584574976039"}}}
